<?xml version="1.0" encoding="UTF-8"?>
<!-- Generated by org.testng.reporters.JUnitXMLReporter -->
<testsuite ignored="0" hostname="Ilyas-MacBook-Pro.local" failures="5" tests="52" name="Command line test" time="291.541" errors="0" timestamp="09 Feb 2020 16:46:55 GMT">
  <testcase classname="triangle.service.tests.GetAllTriangleTest" name="getAllTest" time="5.705"/>
  <testcase classname="triangle.service.tests.CapacityTest" name="maxCapacityAndAbove" time="29.326"/>
  <testcase classname="triangle.service.tests.SeparatorTest" name="createTriangleSuccessTest" time="1.187"/>
  <testcase classname="triangle.service.tests.SeparatorTest" name="createTriangleSuccessTest" time="3.084">
    <failure type="java.lang.AssertionError" message="1 expectation failed.
Expected status code &amp;lt;200&amp;gt; but was &amp;lt;422&amp;gt;.
">
      <![CDATA[java.lang.AssertionError: 1 expectation failed.
Expected status code <200> but was <422>.

at org.codehaus.groovy.runtime.callsite.ConstructorSite$ConstructorSiteNoUnwrap.callConstructor(ConstructorSite.java:84)
at org.codehaus.groovy.runtime.callsite.CallSiteArray.defaultCallConstructor(CallSiteArray.java:59)
at org.codehaus.groovy.runtime.callsite.AbstractCallSite.callConstructor(AbstractCallSite.java:238)
at org.codehaus.groovy.runtime.callsite.AbstractCallSite.callConstructor(AbstractCallSite.java:250)
at io.restassured.internal.ResponseSpecificationImpl$HamcrestAssertionClosure.validate(ResponseSpecificationImpl.groovy:494)
at io.restassured.internal.ResponseSpecificationImpl$HamcrestAssertionClosure$validate$1.call(Unknown Source)
at io.restassured.internal.ResponseSpecificationImpl.validateResponseIfRequired(ResponseSpecificationImpl.groovy:656)
at org.codehaus.groovy.runtime.callsite.PogoMetaMethodSite$PogoCachedMethodSiteNoUnwrapNoCoerce.invoke(PogoMetaMethodSite.java:210)
at org.codehaus.groovy.runtime.callsite.PogoMetaMethodSite.callCurrent(PogoMetaMethodSite.java:59)
at org.codehaus.groovy.runtime.callsite.AbstractCallSite.callCurrent(AbstractCallSite.java:169)
at io.restassured.internal.ResponseSpecificationImpl.statusCode(ResponseSpecificationImpl.groovy:125)
at io.restassured.specification.ResponseSpecification$statusCode$0.callCurrent(Unknown Source)
at io.restassured.internal.ResponseSpecificationImpl.statusCode(ResponseSpecificationImpl.groovy:133)
at io.restassured.internal.ValidatableResponseOptionsImpl.statusCode(ValidatableResponseOptionsImpl.java:119)
at triangle.service.tests.SeparatorTest.createTriangleSuccessTest(SeparatorTest.java:52)
... Removed 44 stack frames]]>
    </failure>
  </testcase> <!-- createTriangleSuccessTest -->
  <testcase classname="triangle.service.tests.SeparatorTest" name="createTriangleSuccessTest" time="1.134"/>
  <testcase classname="triangle.service.tests.SeparatorTest" name="createTriangleSuccessTest" time="1.315"/>
  <testcase classname="triangle.service.tests.SeparatorTest" name="createTriangleSuccessTest" time="2.08"/>
  <testcase classname="triangle.service.tests.SeparatorTest" name="createTriangleSuccessTest" time="1.161"/>
  <testcase classname="triangle.service.tests.SeparatorTest" name="createTriangleSuccessTest" time="1.184"/>
  <testcase classname="triangle.service.tests.SeparatorTest" name="createTriangleSuccessTest" time="1.841"/>
  <testcase classname="triangle.service.tests.SeparatorTest" name="createTriangleSuccessTest" time="1.198"/>
  <testcase classname="triangle.service.tests.SeparatorTest" name="createTriangleSuccessTest" time="1.281"/>
  <testcase classname="triangle.service.tests.SeparatorTest" name="createTriangleSuccessTest" time="1.26"/>
  <testcase classname="triangle.service.tests.SeparatorTest" name="createTriangleSuccessTest" time="1.526"/>
  <testcase classname="triangle.service.tests.SeparatorTest" name="unprocessbleCreateTriangleRequestTest" time="1.952"/>
  <testcase classname="triangle.service.tests.SeparatorTest" name="unprocessbleCreateTriangleRequestTest" time="1.339"/>
  <testcase classname="triangle.service.tests.CreateTriangleTest" name="createTriangleSuccessTest" time="1.64"/>
  <testcase classname="triangle.service.tests.CreateTriangleTest" name="createTriangleSuccessTest" time="1.458"/>
  <testcase classname="triangle.service.tests.CreateTriangleTest" name="createTriangleSuccessTest" time="1.248"/>
  <testcase classname="triangle.service.tests.CreateTriangleTest" name="createTriangleSuccessTest" time="2.049"/>
  <testcase classname="triangle.service.tests.CreateTriangleTest" name="createTriangleSuccessTest" time="1.573"/>
  <testcase classname="triangle.service.tests.CreateTriangleTest" name="createTriangleSuccessTest" time="1.313"/>
  <testcase classname="triangle.service.tests.CreateTriangleTest" name="unprocessbleCreateTriangleRequestTest" time="1.549"/>
  <testcase classname="triangle.service.tests.CreateTriangleTest" name="unprocessbleCreateTriangleRequestTest" time="1.725">
    <failure type="java.lang.AssertionError" message="1 expectation failed.
Expected status code &amp;lt;422&amp;gt; but was &amp;lt;200&amp;gt;.
">
      <![CDATA[java.lang.AssertionError: 1 expectation failed.
Expected status code <422> but was <200>.

at org.codehaus.groovy.runtime.callsite.ConstructorSite$ConstructorSiteNoUnwrap.callConstructor(ConstructorSite.java:84)
at org.codehaus.groovy.runtime.callsite.AbstractCallSite.callConstructor(AbstractCallSite.java:250)
at io.restassured.internal.ResponseSpecificationImpl$HamcrestAssertionClosure.validate(ResponseSpecificationImpl.groovy:494)
at io.restassured.internal.ResponseSpecificationImpl$HamcrestAssertionClosure$validate$1.call(Unknown Source)
at io.restassured.internal.ResponseSpecificationImpl.validateResponseIfRequired(ResponseSpecificationImpl.groovy:656)
at org.codehaus.groovy.runtime.callsite.PogoMetaMethodSite$PogoCachedMethodSiteNoUnwrapNoCoerce.invoke(PogoMetaMethodSite.java:210)
at org.codehaus.groovy.runtime.callsite.PogoMetaMethodSite.callCurrent(PogoMetaMethodSite.java:59)
at org.codehaus.groovy.runtime.callsite.AbstractCallSite.callCurrent(AbstractCallSite.java:169)
at io.restassured.internal.ResponseSpecificationImpl.statusCode(ResponseSpecificationImpl.groovy:125)
at io.restassured.specification.ResponseSpecification$statusCode$0.callCurrent(Unknown Source)
at io.restassured.internal.ResponseSpecificationImpl.statusCode(ResponseSpecificationImpl.groovy:133)
at io.restassured.internal.ValidatableResponseOptionsImpl.statusCode(ValidatableResponseOptionsImpl.java:119)
at triangle.service.tests.CreateTriangleTest.unprocessbleCreateTriangleRequestTest(CreateTriangleTest.java:78)
... Removed 44 stack frames]]>
    </failure>
  </testcase> <!-- unprocessbleCreateTriangleRequestTest -->
  <testcase classname="triangle.service.tests.CreateTriangleTest" name="unprocessbleCreateTriangleRequestTest" time="1.507">
    <failure type="java.lang.AssertionError" message="1 expectation failed.
Expected status code &amp;lt;422&amp;gt; but was &amp;lt;200&amp;gt;.
">
      <![CDATA[java.lang.AssertionError: 1 expectation failed.
Expected status code <422> but was <200>.

at org.codehaus.groovy.runtime.callsite.ConstructorSite$ConstructorSiteNoUnwrap.callConstructor(ConstructorSite.java:84)
at org.codehaus.groovy.runtime.callsite.AbstractCallSite.callConstructor(AbstractCallSite.java:250)
at io.restassured.internal.ResponseSpecificationImpl$HamcrestAssertionClosure.validate(ResponseSpecificationImpl.groovy:494)
at io.restassured.internal.ResponseSpecificationImpl$HamcrestAssertionClosure$validate$1.call(Unknown Source)
at io.restassured.internal.ResponseSpecificationImpl.validateResponseIfRequired(ResponseSpecificationImpl.groovy:656)
at org.codehaus.groovy.runtime.callsite.PogoMetaMethodSite$PogoCachedMethodSiteNoUnwrapNoCoerce.invoke(PogoMetaMethodSite.java:210)
at org.codehaus.groovy.runtime.callsite.PogoMetaMethodSite.callCurrent(PogoMetaMethodSite.java:59)
at org.codehaus.groovy.runtime.callsite.AbstractCallSite.callCurrent(AbstractCallSite.java:169)
at io.restassured.internal.ResponseSpecificationImpl.statusCode(ResponseSpecificationImpl.groovy:125)
at io.restassured.specification.ResponseSpecification$statusCode$0.callCurrent(Unknown Source)
at io.restassured.internal.ResponseSpecificationImpl.statusCode(ResponseSpecificationImpl.groovy:133)
at io.restassured.internal.ValidatableResponseOptionsImpl.statusCode(ValidatableResponseOptionsImpl.java:119)
at triangle.service.tests.CreateTriangleTest.unprocessbleCreateTriangleRequestTest(CreateTriangleTest.java:78)
... Removed 44 stack frames]]>
    </failure>
  </testcase> <!-- unprocessbleCreateTriangleRequestTest -->
  <testcase classname="triangle.service.tests.CreateTriangleTest" name="unprocessbleCreateTriangleRequestTest" time="2.448">
    <failure type="java.lang.AssertionError" message="1 expectation failed.
Expected status code &amp;lt;422&amp;gt; but was &amp;lt;200&amp;gt;.
">
      <![CDATA[java.lang.AssertionError: 1 expectation failed.
Expected status code <422> but was <200>.

at org.codehaus.groovy.runtime.callsite.ConstructorSite$ConstructorSiteNoUnwrap.callConstructor(ConstructorSite.java:84)
at org.codehaus.groovy.runtime.callsite.AbstractCallSite.callConstructor(AbstractCallSite.java:250)
at io.restassured.internal.ResponseSpecificationImpl$HamcrestAssertionClosure.validate(ResponseSpecificationImpl.groovy:494)
at io.restassured.internal.ResponseSpecificationImpl$HamcrestAssertionClosure$validate$1.call(Unknown Source)
at io.restassured.internal.ResponseSpecificationImpl.validateResponseIfRequired(ResponseSpecificationImpl.groovy:656)
at org.codehaus.groovy.runtime.callsite.PogoMetaMethodSite$PogoCachedMethodSiteNoUnwrapNoCoerce.invoke(PogoMetaMethodSite.java:210)
at org.codehaus.groovy.runtime.callsite.PogoMetaMethodSite.callCurrent(PogoMetaMethodSite.java:59)
at org.codehaus.groovy.runtime.callsite.AbstractCallSite.callCurrent(AbstractCallSite.java:169)
at io.restassured.internal.ResponseSpecificationImpl.statusCode(ResponseSpecificationImpl.groovy:125)
at io.restassured.specification.ResponseSpecification$statusCode$0.callCurrent(Unknown Source)
at io.restassured.internal.ResponseSpecificationImpl.statusCode(ResponseSpecificationImpl.groovy:133)
at io.restassured.internal.ValidatableResponseOptionsImpl.statusCode(ValidatableResponseOptionsImpl.java:119)
at triangle.service.tests.CreateTriangleTest.unprocessbleCreateTriangleRequestTest(CreateTriangleTest.java:78)
... Removed 44 stack frames]]>
    </failure>
  </testcase> <!-- unprocessbleCreateTriangleRequestTest -->
  <testcase classname="triangle.service.tests.CreateTriangleTest" name="unprocessbleCreateTriangleRequestTest" time="1.566"/>
  <testcase classname="triangle.service.tests.CreateTriangleTest" name="unprocessbleCreateTriangleRequestTest" time="2.154">
    <failure type="java.lang.AssertionError" message="1 expectation failed.
Expected status code &amp;lt;422&amp;gt; but was &amp;lt;200&amp;gt;.
">
      <![CDATA[java.lang.AssertionError: 1 expectation failed.
Expected status code <422> but was <200>.

at org.codehaus.groovy.runtime.callsite.ConstructorSite$ConstructorSiteNoUnwrap.callConstructor(ConstructorSite.java:84)
at org.codehaus.groovy.runtime.callsite.AbstractCallSite.callConstructor(AbstractCallSite.java:250)
at io.restassured.internal.ResponseSpecificationImpl$HamcrestAssertionClosure.validate(ResponseSpecificationImpl.groovy:494)
at io.restassured.internal.ResponseSpecificationImpl$HamcrestAssertionClosure$validate$1.call(Unknown Source)
at io.restassured.internal.ResponseSpecificationImpl.validateResponseIfRequired(ResponseSpecificationImpl.groovy:656)
at org.codehaus.groovy.runtime.callsite.PogoMetaMethodSite$PogoCachedMethodSiteNoUnwrapNoCoerce.invoke(PogoMetaMethodSite.java:210)
at org.codehaus.groovy.runtime.callsite.PogoMetaMethodSite.callCurrent(PogoMetaMethodSite.java:59)
at org.codehaus.groovy.runtime.callsite.AbstractCallSite.callCurrent(AbstractCallSite.java:169)
at io.restassured.internal.ResponseSpecificationImpl.statusCode(ResponseSpecificationImpl.groovy:125)
at io.restassured.specification.ResponseSpecification$statusCode$0.callCurrent(Unknown Source)
at io.restassured.internal.ResponseSpecificationImpl.statusCode(ResponseSpecificationImpl.groovy:133)
at io.restassured.internal.ValidatableResponseOptionsImpl.statusCode(ValidatableResponseOptionsImpl.java:119)
at triangle.service.tests.CreateTriangleTest.unprocessbleCreateTriangleRequestTest(CreateTriangleTest.java:78)
... Removed 44 stack frames]]>
    </failure>
  </testcase> <!-- unprocessbleCreateTriangleRequestTest -->
  <testcase classname="triangle.service.tests.CreateTriangleTest" name="unprocessbleCreateTriangleRequestTest" time="1.538"/>
  <testcase classname="triangle.service.tests.CreateTriangleTest" name="unprocessbleCreateTriangleRequestTest" time="1.323"/>
  <testcase classname="triangle.service.tests.CreateTriangleTest" name="unprocessbleCreateTriangleRequestTest" time="1.236"/>
  <testcase classname="triangle.service.tests.TriangleAreaTest" name="getTriangleAreaTest" time="2.831"/>
  <testcase classname="triangle.service.tests.TriangleAreaTest" name="getTriangleAreaTest" time="2.286"/>
  <testcase classname="triangle.service.tests.TriangleAreaTest" name="getTriangleAreaTest" time="2.144"/>
  <testcase classname="triangle.service.tests.TriangleAreaTest" name="getTriangleAreaTest" time="2.794"/>
  <testcase classname="triangle.service.tests.TriangleAreaTest" name="getTriangleAreaTest" time="2.749"/>
  <testcase classname="triangle.service.tests.TriangleAreaTest" name="getTriangleAreaTest" time="2.095"/>
  <testcase classname="triangle.service.tests.TriangleAreaTest" name="notFoundTest" time="1.193"/>
  <testcase classname="triangle.service.tests.TrianglePerimeterTest" name="getTrianglePerimeterTest" time="2.841"/>
  <testcase classname="triangle.service.tests.TrianglePerimeterTest" name="getTrianglePerimeterTest" time="2.553"/>
  <testcase classname="triangle.service.tests.TrianglePerimeterTest" name="getTrianglePerimeterTest" time="2.539"/>
  <testcase classname="triangle.service.tests.TrianglePerimeterTest" name="getTrianglePerimeterTest" time="2.231"/>
  <testcase classname="triangle.service.tests.TrianglePerimeterTest" name="getTrianglePerimeterTest" time="2.618"/>
  <testcase classname="triangle.service.tests.TrianglePerimeterTest" name="getTrianglePerimeterTest" time="2.7"/>
  <testcase classname="triangle.service.tests.TrianglePerimeterTest" name="notFoundTest" time="1.755"/>
  <testcase classname="triangle.service.tests.AuthorizationTest" name="unauthorizedRequestDeleteTriangleTest" time="3.359"/>
  <testcase classname="triangle.service.tests.AuthorizationTest" name="unauthorizedRequestGetTriangleAllTest" time="1.434"/>
  <testcase classname="triangle.service.tests.AuthorizationTest" name="unauthorizedRequestPostTriangleTest" time="1.538"/>
  <testcase classname="triangle.service.tests.AuthorizationTest" name="unauthorizedRequestTriangleAreaTest" time="2.964"/>
  <testcase classname="triangle.service.tests.AuthorizationTest" name="unauthorizedRequestTrianglePerimeterTest" time="2.764"/>
  <testcase classname="triangle.service.tests.DeleteTest" name="deleteTriangleTest" time="4.273"/>
  <testcase classname="triangle.service.tests.DeleteTest" name="notFoundTest" time="1.194"/>
</testsuite> <!-- Command line test -->
