<html>
<head>
<title>TestNG:  Command line test</title>
<link href="../testng.css" rel="stylesheet" type="text/css" />
<link href="../my-testng.css" rel="stylesheet" type="text/css" />

<style type="text/css">
.log { display: none;} 
.stack-trace { display: none;} 
</style>
<script type="text/javascript">
<!--
function flip(e) {
  current = e.style.display;
  if (current == 'block') {
    e.style.display = 'none';
    return 0;
  }
  else {
    e.style.display = 'block';
    return 1;
  }
}

function toggleBox(szDivId, elem, msg1, msg2)
{
  var res = -1;  if (document.getElementById) {
    res = flip(document.getElementById(szDivId));
  }
  else if (document.all) {
    // this is the way old msie versions work
    res = flip(document.all[szDivId]);
  }
  if(elem) {
    if(res == 0) elem.innerHTML = msg1; else elem.innerHTML = msg2;
  }

}

function toggleAllBoxes() {
  if (document.getElementsByTagName) {
    d = document.getElementsByTagName('div');
    for (i = 0; i < d.length; i++) {
      if (d[i].className == 'log') {
        flip(d[i]);
      }
    }
  }
}

// -->
</script>

</head>
<body>
<h2 align='center'>Command line test</h2><table border='1' align="center">
<tr>
<td>Tests passed/Failed/Skipped:</td><td>47/5/0</td>
</tr><tr>
<td>Started on:</td><td>Sun Feb 09 19:42:03 MSK 2020</td>
</tr>
<tr><td>Total time:</td><td>291 seconds (291541 ms)</td>
</tr><tr>
<td>Included groups:</td><td></td>
</tr><tr>
<td>Excluded groups:</td><td></td>
</tr>
</table><p/>
<small><i>(Hover the method name to see the test class name)</i></small><p/>
<table width='100%' border='1' class='invocation-failed'>
<tr><td colspan='4' align='center'><b>FAILED TESTS</b></td></tr>
<tr><td><b>Test method</b></td>
<td width="30%"><b>Exception</b></td>
<td width="10%"><b>Time (seconds)</b></td>
<td><b>Instance</b></td>
</tr>
<tr>
<td title='triangle.service.tests.SeparatorTest.createTriangleSuccessTest()'><b>createTriangleSuccessTest</b><br>Test class: triangle.service.tests.SeparatorTest<br>Parameters: {input='3.4.5', separator='.'}, 3.0, 4.0, 5.0</td>
<td><div><pre>java.lang.AssertionError: 1 expectation failed.
Expected status code &lt;200&gt; but was &lt;422&gt;.

	at org.codehaus.groovy.runtime.callsite.ConstructorSite$ConstructorSiteNoUnwrap.callConstructor(ConstructorSite.java:84)
	at org.codehaus.groovy.runtime.callsite.CallSiteArray.defaultCallConstructor(CallSiteArray.java:59)
	at org.codehaus.groovy.runtime.callsite.AbstractCallSite.callConstructor(AbstractCallSite.java:238)
	at org.codehaus.groovy.runtime.callsite.AbstractCallSite.callConstructor(AbstractCallSite.java:250)
	at io.restassured.internal.ResponseSpecificationImpl$HamcrestAssertionClosure.validate(ResponseSpecificationImpl.groovy:494)
	at io.restassured.internal.ResponseSpecificationImpl$HamcrestAssertionClosure$validate$1.call(Unknown Source)
	at io.restassured.internal.ResponseSpecificationImpl.validateResponseIfRequired(ResponseSpecificationImpl.groovy:656)
	at org.codehaus.groovy.runtime.callsite.PogoMetaMethodSite$PogoCachedMethodSiteNoUnwrapNoCoerce.invoke(PogoMetaMethodSite.java:210)
	at org.codehaus.groovy.runtime.callsite.PogoMetaMethodSite.callCurrent(PogoMetaMethodSite.java:59)
	at org.codehaus.groovy.runtime.callsite.AbstractCallSite.callCurrent(AbstractCallSite.java:169)
	at io.restassured.internal.ResponseSpecificationImpl.statusCode(ResponseSpecificationImpl.groovy:125)
	at io.restassured.specification.ResponseSpecification$statusCode$0.callCurrent(Unknown Source)
	at io.restassured.internal.ResponseSpecificationImpl.statusCode(ResponseSpecificationImpl.groovy:133)
	at io.restassured.internal.ValidatableResponseOptionsImpl.statusCode(ValidatableResponseOptionsImpl.java:119)
	at triangle.service.tests.SeparatorTest.createTriangleSuccessTest(SeparatorTest.java:52)
... Removed 44 stack frames</pre></div><a href='#' onClick='toggleBox("stack-trace1421101177", this, "Click to show all stack frames", "Click to hide stack frames")'>Click to show all stack frames</a>
<div class='stack-trace' id='stack-trace1421101177'><pre>java.lang.AssertionError: 1 expectation failed.
Expected status code &lt;200&gt; but was &lt;422&gt;.

	at java.base/jdk.internal.reflect.NativeConstructorAccessorImpl.newInstance0(Native Method)
	at java.base/jdk.internal.reflect.NativeConstructorAccessorImpl.newInstance(NativeConstructorAccessorImpl.java:62)
	at java.base/jdk.internal.reflect.DelegatingConstructorAccessorImpl.newInstance(DelegatingConstructorAccessorImpl.java:45)
	at java.base/java.lang.reflect.Constructor.newInstance(Constructor.java:488)
	at org.codehaus.groovy.reflection.CachedConstructor.invoke(CachedConstructor.java:83)
	at org.codehaus.groovy.reflection.CachedConstructor.doConstructorInvoke(CachedConstructor.java:77)
	at org.codehaus.groovy.runtime.callsite.ConstructorSite$ConstructorSiteNoUnwrap.callConstructor(ConstructorSite.java:84)
	at org.codehaus.groovy.runtime.callsite.CallSiteArray.defaultCallConstructor(CallSiteArray.java:59)
	at org.codehaus.groovy.runtime.callsite.AbstractCallSite.callConstructor(AbstractCallSite.java:238)
	at org.codehaus.groovy.runtime.callsite.AbstractCallSite.callConstructor(AbstractCallSite.java:250)
	at io.restassured.internal.ResponseSpecificationImpl$HamcrestAssertionClosure.validate(ResponseSpecificationImpl.groovy:494)
	at io.restassured.internal.ResponseSpecificationImpl$HamcrestAssertionClosure$validate$1.call(Unknown Source)
	at io.restassured.internal.ResponseSpecificationImpl.validateResponseIfRequired(ResponseSpecificationImpl.groovy:656)
	at jdk.internal.reflect.GeneratedMethodAccessor150.invoke(Unknown Source)
	at java.base/jdk.internal.reflect.DelegatingMethodAccessorImpl.invoke(DelegatingMethodAccessorImpl.java:43)
	at java.base/java.lang.reflect.Method.invoke(Method.java:564)
	at org.codehaus.groovy.runtime.callsite.PogoMetaMethodSite$PogoCachedMethodSiteNoUnwrapNoCoerce.invoke(PogoMetaMethodSite.java:210)
	at org.codehaus.groovy.runtime.callsite.PogoMetaMethodSite.callCurrent(PogoMetaMethodSite.java:59)
	at org.codehaus.groovy.runtime.callsite.AbstractCallSite.callCurrent(AbstractCallSite.java:169)
	at io.restassured.internal.ResponseSpecificationImpl.statusCode(ResponseSpecificationImpl.groovy:125)
	at io.restassured.specification.ResponseSpecification$statusCode$0.callCurrent(Unknown Source)
	at io.restassured.internal.ResponseSpecificationImpl.statusCode(ResponseSpecificationImpl.groovy:133)
	at io.restassured.internal.ValidatableResponseOptionsImpl.statusCode(ValidatableResponseOptionsImpl.java:119)
	at triangle.service.tests.SeparatorTest.createTriangleSuccessTest(SeparatorTest.java:52)
	at java.base/jdk.internal.reflect.NativeMethodAccessorImpl.invoke0(Native Method)
	at java.base/jdk.internal.reflect.NativeMethodAccessorImpl.invoke(NativeMethodAccessorImpl.java:62)
	at java.base/jdk.internal.reflect.DelegatingMethodAccessorImpl.invoke(DelegatingMethodAccessorImpl.java:43)
	at java.base/java.lang.reflect.Method.invoke(Method.java:564)
	at org.testng.internal.MethodInvocationHelper.invokeMethod(MethodInvocationHelper.java:124)
	at org.testng.internal.Invoker.invokeMethod(Invoker.java:583)
	at org.testng.internal.Invoker.invokeTestMethod(Invoker.java:719)
	at org.testng.internal.Invoker.invokeTestMethods(Invoker.java:989)
	at org.testng.internal.TestMethodWorker.invokeTestMethods(TestMethodWorker.java:125)
	at org.testng.internal.TestMethodWorker.run(TestMethodWorker.java:109)
	at org.testng.TestRunner.privateRun(TestRunner.java:648)
	at org.testng.TestRunner.run(TestRunner.java:505)
	at org.testng.SuiteRunner.runTest(SuiteRunner.java:455)
	at org.testng.SuiteRunner.runSequentially(SuiteRunner.java:450)
	at org.testng.SuiteRunner.privateRun(SuiteRunner.java:415)
	at org.testng.SuiteRunner.run(SuiteRunner.java:364)
	at org.testng.SuiteRunnerWorker.runSuite(SuiteRunnerWorker.java:52)
	at org.testng.SuiteRunnerWorker.run(SuiteRunnerWorker.java:84)
	at org.testng.TestNG.runSuitesSequentially(TestNG.java:1208)
	at org.testng.TestNG.runSuitesLocally(TestNG.java:1137)
	at org.testng.TestNG.runSuites(TestNG.java:1049)
	at org.testng.TestNG.run(TestNG.java:1017)
	at org.apache.maven.surefire.testng.TestNGExecutor.run(TestNGExecutor.java:77)
	at org.apache.maven.surefire.testng.TestNGDirectoryTestSuite.executeMulti(TestNGDirectoryTestSuite.java:159)
	at org.apache.maven.surefire.testng.TestNGDirectoryTestSuite.execute(TestNGDirectoryTestSuite.java:99)
	at org.apache.maven.surefire.testng.TestNGProvider.invoke(TestNGProvider.java:106)
	at java.base/jdk.internal.reflect.NativeMethodAccessorImpl.invoke0(Native Method)
	at java.base/jdk.internal.reflect.NativeMethodAccessorImpl.invoke(NativeMethodAccessorImpl.java:62)
	at java.base/jdk.internal.reflect.DelegatingMethodAccessorImpl.invoke(DelegatingMethodAccessorImpl.java:43)
	at java.base/java.lang.reflect.Method.invoke(Method.java:564)
	at org.apache.maven.surefire.util.ReflectionUtils.invokeMethodWithArray(ReflectionUtils.java:189)
	at org.apache.maven.surefire.booter.ProviderFactory$ProviderProxy.invoke(ProviderFactory.java:165)
	at org.apache.maven.surefire.booter.ProviderFactory.invokeProvider(ProviderFactory.java:85)
	at org.apache.maven.surefire.booter.ForkedBooter.runSuitesInProcess(ForkedBooter.java:115)
	at org.apache.maven.surefire.booter.ForkedBooter.main(ForkedBooter.java:75)
</pre></div></td>
<td>3</td>
<td>triangle.service.tests.SeparatorTest@1139b2f3</td></tr>
<tr>
<td title='triangle.service.tests.CreateTriangleTest.unprocessbleCreateTriangleRequestTest()'><b>unprocessbleCreateTriangleRequestTest</b><br>Test class: triangle.service.tests.CreateTriangleTest<br>Parameters: {input='3;4;-5', separator='null'}</td>
<td><div><pre>java.lang.AssertionError: 1 expectation failed.
Expected status code &lt;422&gt; but was &lt;200&gt;.

	at org.codehaus.groovy.runtime.callsite.ConstructorSite$ConstructorSiteNoUnwrap.callConstructor(ConstructorSite.java:84)
	at org.codehaus.groovy.runtime.callsite.AbstractCallSite.callConstructor(AbstractCallSite.java:250)
	at io.restassured.internal.ResponseSpecificationImpl$HamcrestAssertionClosure.validate(ResponseSpecificationImpl.groovy:494)
	at io.restassured.internal.ResponseSpecificationImpl$HamcrestAssertionClosure$validate$1.call(Unknown Source)
	at io.restassured.internal.ResponseSpecificationImpl.validateResponseIfRequired(ResponseSpecificationImpl.groovy:656)
	at org.codehaus.groovy.runtime.callsite.PogoMetaMethodSite$PogoCachedMethodSiteNoUnwrapNoCoerce.invoke(PogoMetaMethodSite.java:210)
	at org.codehaus.groovy.runtime.callsite.PogoMetaMethodSite.callCurrent(PogoMetaMethodSite.java:59)
	at org.codehaus.groovy.runtime.callsite.AbstractCallSite.callCurrent(AbstractCallSite.java:169)
	at io.restassured.internal.ResponseSpecificationImpl.statusCode(ResponseSpecificationImpl.groovy:125)
	at io.restassured.specification.ResponseSpecification$statusCode$0.callCurrent(Unknown Source)
	at io.restassured.internal.ResponseSpecificationImpl.statusCode(ResponseSpecificationImpl.groovy:133)
	at io.restassured.internal.ValidatableResponseOptionsImpl.statusCode(ValidatableResponseOptionsImpl.java:119)
	at triangle.service.tests.CreateTriangleTest.unprocessbleCreateTriangleRequestTest(CreateTriangleTest.java:78)
... Removed 44 stack frames</pre></div><a href='#' onClick='toggleBox("stack-trace784422651", this, "Click to show all stack frames", "Click to hide stack frames")'>Click to show all stack frames</a>
<div class='stack-trace' id='stack-trace784422651'><pre>java.lang.AssertionError: 1 expectation failed.
Expected status code &lt;422&gt; but was &lt;200&gt;.

	at java.base/jdk.internal.reflect.NativeConstructorAccessorImpl.newInstance0(Native Method)
	at java.base/jdk.internal.reflect.NativeConstructorAccessorImpl.newInstance(NativeConstructorAccessorImpl.java:62)
	at java.base/jdk.internal.reflect.DelegatingConstructorAccessorImpl.newInstance(DelegatingConstructorAccessorImpl.java:45)
	at java.base/java.lang.reflect.Constructor.newInstance(Constructor.java:488)
	at org.codehaus.groovy.reflection.CachedConstructor.invoke(CachedConstructor.java:83)
	at org.codehaus.groovy.reflection.CachedConstructor.doConstructorInvoke(CachedConstructor.java:77)
	at org.codehaus.groovy.runtime.callsite.ConstructorSite$ConstructorSiteNoUnwrap.callConstructor(ConstructorSite.java:84)
	at org.codehaus.groovy.runtime.callsite.AbstractCallSite.callConstructor(AbstractCallSite.java:250)
	at io.restassured.internal.ResponseSpecificationImpl$HamcrestAssertionClosure.validate(ResponseSpecificationImpl.groovy:494)
	at io.restassured.internal.ResponseSpecificationImpl$HamcrestAssertionClosure$validate$1.call(Unknown Source)
	at io.restassured.internal.ResponseSpecificationImpl.validateResponseIfRequired(ResponseSpecificationImpl.groovy:656)
	at jdk.internal.reflect.GeneratedMethodAccessor150.invoke(Unknown Source)
	at java.base/jdk.internal.reflect.DelegatingMethodAccessorImpl.invoke(DelegatingMethodAccessorImpl.java:43)
	at java.base/java.lang.reflect.Method.invoke(Method.java:564)
	at org.codehaus.groovy.runtime.callsite.PogoMetaMethodSite$PogoCachedMethodSiteNoUnwrapNoCoerce.invoke(PogoMetaMethodSite.java:210)
	at org.codehaus.groovy.runtime.callsite.PogoMetaMethodSite.callCurrent(PogoMetaMethodSite.java:59)
	at org.codehaus.groovy.runtime.callsite.AbstractCallSite.callCurrent(AbstractCallSite.java:169)
	at io.restassured.internal.ResponseSpecificationImpl.statusCode(ResponseSpecificationImpl.groovy:125)
	at io.restassured.specification.ResponseSpecification$statusCode$0.callCurrent(Unknown Source)
	at io.restassured.internal.ResponseSpecificationImpl.statusCode(ResponseSpecificationImpl.groovy:133)
	at io.restassured.internal.ValidatableResponseOptionsImpl.statusCode(ValidatableResponseOptionsImpl.java:119)
	at triangle.service.tests.CreateTriangleTest.unprocessbleCreateTriangleRequestTest(CreateTriangleTest.java:78)
	at java.base/jdk.internal.reflect.NativeMethodAccessorImpl.invoke0(Native Method)
	at java.base/jdk.internal.reflect.NativeMethodAccessorImpl.invoke(NativeMethodAccessorImpl.java:62)
	at java.base/jdk.internal.reflect.DelegatingMethodAccessorImpl.invoke(DelegatingMethodAccessorImpl.java:43)
	at java.base/java.lang.reflect.Method.invoke(Method.java:564)
	at org.testng.internal.MethodInvocationHelper.invokeMethod(MethodInvocationHelper.java:124)
	at org.testng.internal.Invoker.invokeMethod(Invoker.java:583)
	at org.testng.internal.Invoker.invokeTestMethod(Invoker.java:719)
	at org.testng.internal.Invoker.invokeTestMethods(Invoker.java:989)
	at org.testng.internal.TestMethodWorker.invokeTestMethods(TestMethodWorker.java:125)
	at org.testng.internal.TestMethodWorker.run(TestMethodWorker.java:109)
	at org.testng.TestRunner.privateRun(TestRunner.java:648)
	at org.testng.TestRunner.run(TestRunner.java:505)
	at org.testng.SuiteRunner.runTest(SuiteRunner.java:455)
	at org.testng.SuiteRunner.runSequentially(SuiteRunner.java:450)
	at org.testng.SuiteRunner.privateRun(SuiteRunner.java:415)
	at org.testng.SuiteRunner.run(SuiteRunner.java:364)
	at org.testng.SuiteRunnerWorker.runSuite(SuiteRunnerWorker.java:52)
	at org.testng.SuiteRunnerWorker.run(SuiteRunnerWorker.java:84)
	at org.testng.TestNG.runSuitesSequentially(TestNG.java:1208)
	at org.testng.TestNG.runSuitesLocally(TestNG.java:1137)
	at org.testng.TestNG.runSuites(TestNG.java:1049)
	at org.testng.TestNG.run(TestNG.java:1017)
	at org.apache.maven.surefire.testng.TestNGExecutor.run(TestNGExecutor.java:77)
	at org.apache.maven.surefire.testng.TestNGDirectoryTestSuite.executeMulti(TestNGDirectoryTestSuite.java:159)
	at org.apache.maven.surefire.testng.TestNGDirectoryTestSuite.execute(TestNGDirectoryTestSuite.java:99)
	at org.apache.maven.surefire.testng.TestNGProvider.invoke(TestNGProvider.java:106)
	at java.base/jdk.internal.reflect.NativeMethodAccessorImpl.invoke0(Native Method)
	at java.base/jdk.internal.reflect.NativeMethodAccessorImpl.invoke(NativeMethodAccessorImpl.java:62)
	at java.base/jdk.internal.reflect.DelegatingMethodAccessorImpl.invoke(DelegatingMethodAccessorImpl.java:43)
	at java.base/java.lang.reflect.Method.invoke(Method.java:564)
	at org.apache.maven.surefire.util.ReflectionUtils.invokeMethodWithArray(ReflectionUtils.java:189)
	at org.apache.maven.surefire.booter.ProviderFactory$ProviderProxy.invoke(ProviderFactory.java:165)
	at org.apache.maven.surefire.booter.ProviderFactory.invokeProvider(ProviderFactory.java:85)
	at org.apache.maven.surefire.booter.ForkedBooter.runSuitesInProcess(ForkedBooter.java:115)
	at org.apache.maven.surefire.booter.ForkedBooter.main(ForkedBooter.java:75)
</pre></div></td>
<td>1</td>
<td>triangle.service.tests.CreateTriangleTest@7a69b07</td></tr>
<tr>
<td title='triangle.service.tests.CreateTriangleTest.unprocessbleCreateTriangleRequestTest()'><b>unprocessbleCreateTriangleRequestTest</b><br>Test class: triangle.service.tests.CreateTriangleTest<br>Parameters: {input='-3;4;5', separator='null'}</td>
<td><div><pre>java.lang.AssertionError: 1 expectation failed.
Expected status code &lt;422&gt; but was &lt;200&gt;.

	at org.codehaus.groovy.runtime.callsite.ConstructorSite$ConstructorSiteNoUnwrap.callConstructor(ConstructorSite.java:84)
	at org.codehaus.groovy.runtime.callsite.AbstractCallSite.callConstructor(AbstractCallSite.java:250)
	at io.restassured.internal.ResponseSpecificationImpl$HamcrestAssertionClosure.validate(ResponseSpecificationImpl.groovy:494)
	at io.restassured.internal.ResponseSpecificationImpl$HamcrestAssertionClosure$validate$1.call(Unknown Source)
	at io.restassured.internal.ResponseSpecificationImpl.validateResponseIfRequired(ResponseSpecificationImpl.groovy:656)
	at org.codehaus.groovy.runtime.callsite.PogoMetaMethodSite$PogoCachedMethodSiteNoUnwrapNoCoerce.invoke(PogoMetaMethodSite.java:210)
	at org.codehaus.groovy.runtime.callsite.PogoMetaMethodSite.callCurrent(PogoMetaMethodSite.java:59)
	at org.codehaus.groovy.runtime.callsite.AbstractCallSite.callCurrent(AbstractCallSite.java:169)
	at io.restassured.internal.ResponseSpecificationImpl.statusCode(ResponseSpecificationImpl.groovy:125)
	at io.restassured.specification.ResponseSpecification$statusCode$0.callCurrent(Unknown Source)
	at io.restassured.internal.ResponseSpecificationImpl.statusCode(ResponseSpecificationImpl.groovy:133)
	at io.restassured.internal.ValidatableResponseOptionsImpl.statusCode(ValidatableResponseOptionsImpl.java:119)
	at triangle.service.tests.CreateTriangleTest.unprocessbleCreateTriangleRequestTest(CreateTriangleTest.java:78)
... Removed 44 stack frames</pre></div><a href='#' onClick='toggleBox("stack-trace489940782", this, "Click to show all stack frames", "Click to hide stack frames")'>Click to show all stack frames</a>
<div class='stack-trace' id='stack-trace489940782'><pre>java.lang.AssertionError: 1 expectation failed.
Expected status code &lt;422&gt; but was &lt;200&gt;.

	at java.base/jdk.internal.reflect.NativeConstructorAccessorImpl.newInstance0(Native Method)
	at java.base/jdk.internal.reflect.NativeConstructorAccessorImpl.newInstance(NativeConstructorAccessorImpl.java:62)
	at java.base/jdk.internal.reflect.DelegatingConstructorAccessorImpl.newInstance(DelegatingConstructorAccessorImpl.java:45)
	at java.base/java.lang.reflect.Constructor.newInstance(Constructor.java:488)
	at org.codehaus.groovy.reflection.CachedConstructor.invoke(CachedConstructor.java:83)
	at org.codehaus.groovy.reflection.CachedConstructor.doConstructorInvoke(CachedConstructor.java:77)
	at org.codehaus.groovy.runtime.callsite.ConstructorSite$ConstructorSiteNoUnwrap.callConstructor(ConstructorSite.java:84)
	at org.codehaus.groovy.runtime.callsite.AbstractCallSite.callConstructor(AbstractCallSite.java:250)
	at io.restassured.internal.ResponseSpecificationImpl$HamcrestAssertionClosure.validate(ResponseSpecificationImpl.groovy:494)
	at io.restassured.internal.ResponseSpecificationImpl$HamcrestAssertionClosure$validate$1.call(Unknown Source)
	at io.restassured.internal.ResponseSpecificationImpl.validateResponseIfRequired(ResponseSpecificationImpl.groovy:656)
	at jdk.internal.reflect.GeneratedMethodAccessor150.invoke(Unknown Source)
	at java.base/jdk.internal.reflect.DelegatingMethodAccessorImpl.invoke(DelegatingMethodAccessorImpl.java:43)
	at java.base/java.lang.reflect.Method.invoke(Method.java:564)
	at org.codehaus.groovy.runtime.callsite.PogoMetaMethodSite$PogoCachedMethodSiteNoUnwrapNoCoerce.invoke(PogoMetaMethodSite.java:210)
	at org.codehaus.groovy.runtime.callsite.PogoMetaMethodSite.callCurrent(PogoMetaMethodSite.java:59)
	at org.codehaus.groovy.runtime.callsite.AbstractCallSite.callCurrent(AbstractCallSite.java:169)
	at io.restassured.internal.ResponseSpecificationImpl.statusCode(ResponseSpecificationImpl.groovy:125)
	at io.restassured.specification.ResponseSpecification$statusCode$0.callCurrent(Unknown Source)
	at io.restassured.internal.ResponseSpecificationImpl.statusCode(ResponseSpecificationImpl.groovy:133)
	at io.restassured.internal.ValidatableResponseOptionsImpl.statusCode(ValidatableResponseOptionsImpl.java:119)
	at triangle.service.tests.CreateTriangleTest.unprocessbleCreateTriangleRequestTest(CreateTriangleTest.java:78)
	at java.base/jdk.internal.reflect.NativeMethodAccessorImpl.invoke0(Native Method)
	at java.base/jdk.internal.reflect.NativeMethodAccessorImpl.invoke(NativeMethodAccessorImpl.java:62)
	at java.base/jdk.internal.reflect.DelegatingMethodAccessorImpl.invoke(DelegatingMethodAccessorImpl.java:43)
	at java.base/java.lang.reflect.Method.invoke(Method.java:564)
	at org.testng.internal.MethodInvocationHelper.invokeMethod(MethodInvocationHelper.java:124)
	at org.testng.internal.Invoker.invokeMethod(Invoker.java:583)
	at org.testng.internal.Invoker.invokeTestMethod(Invoker.java:719)
	at org.testng.internal.Invoker.invokeTestMethods(Invoker.java:989)
	at org.testng.internal.TestMethodWorker.invokeTestMethods(TestMethodWorker.java:125)
	at org.testng.internal.TestMethodWorker.run(TestMethodWorker.java:109)
	at org.testng.TestRunner.privateRun(TestRunner.java:648)
	at org.testng.TestRunner.run(TestRunner.java:505)
	at org.testng.SuiteRunner.runTest(SuiteRunner.java:455)
	at org.testng.SuiteRunner.runSequentially(SuiteRunner.java:450)
	at org.testng.SuiteRunner.privateRun(SuiteRunner.java:415)
	at org.testng.SuiteRunner.run(SuiteRunner.java:364)
	at org.testng.SuiteRunnerWorker.runSuite(SuiteRunnerWorker.java:52)
	at org.testng.SuiteRunnerWorker.run(SuiteRunnerWorker.java:84)
	at org.testng.TestNG.runSuitesSequentially(TestNG.java:1208)
	at org.testng.TestNG.runSuitesLocally(TestNG.java:1137)
	at org.testng.TestNG.runSuites(TestNG.java:1049)
	at org.testng.TestNG.run(TestNG.java:1017)
	at org.apache.maven.surefire.testng.TestNGExecutor.run(TestNGExecutor.java:77)
	at org.apache.maven.surefire.testng.TestNGDirectoryTestSuite.executeMulti(TestNGDirectoryTestSuite.java:159)
	at org.apache.maven.surefire.testng.TestNGDirectoryTestSuite.execute(TestNGDirectoryTestSuite.java:99)
	at org.apache.maven.surefire.testng.TestNGProvider.invoke(TestNGProvider.java:106)
	at java.base/jdk.internal.reflect.NativeMethodAccessorImpl.invoke0(Native Method)
	at java.base/jdk.internal.reflect.NativeMethodAccessorImpl.invoke(NativeMethodAccessorImpl.java:62)
	at java.base/jdk.internal.reflect.DelegatingMethodAccessorImpl.invoke(DelegatingMethodAccessorImpl.java:43)
	at java.base/java.lang.reflect.Method.invoke(Method.java:564)
	at org.apache.maven.surefire.util.ReflectionUtils.invokeMethodWithArray(ReflectionUtils.java:189)
	at org.apache.maven.surefire.booter.ProviderFactory$ProviderProxy.invoke(ProviderFactory.java:165)
	at org.apache.maven.surefire.booter.ProviderFactory.invokeProvider(ProviderFactory.java:85)
	at org.apache.maven.surefire.booter.ForkedBooter.runSuitesInProcess(ForkedBooter.java:115)
	at org.apache.maven.surefire.booter.ForkedBooter.main(ForkedBooter.java:75)
</pre></div></td>
<td>1</td>
<td>triangle.service.tests.CreateTriangleTest@7a69b07</td></tr>
<tr>
<td title='triangle.service.tests.CreateTriangleTest.unprocessbleCreateTriangleRequestTest()'><b>unprocessbleCreateTriangleRequestTest</b><br>Test class: triangle.service.tests.CreateTriangleTest<br>Parameters: {input='3;-4;5', separator='null'}</td>
<td><div><pre>java.lang.AssertionError: 1 expectation failed.
Expected status code &lt;422&gt; but was &lt;200&gt;.

	at org.codehaus.groovy.runtime.callsite.ConstructorSite$ConstructorSiteNoUnwrap.callConstructor(ConstructorSite.java:84)
	at org.codehaus.groovy.runtime.callsite.AbstractCallSite.callConstructor(AbstractCallSite.java:250)
	at io.restassured.internal.ResponseSpecificationImpl$HamcrestAssertionClosure.validate(ResponseSpecificationImpl.groovy:494)
	at io.restassured.internal.ResponseSpecificationImpl$HamcrestAssertionClosure$validate$1.call(Unknown Source)
	at io.restassured.internal.ResponseSpecificationImpl.validateResponseIfRequired(ResponseSpecificationImpl.groovy:656)
	at org.codehaus.groovy.runtime.callsite.PogoMetaMethodSite$PogoCachedMethodSiteNoUnwrapNoCoerce.invoke(PogoMetaMethodSite.java:210)
	at org.codehaus.groovy.runtime.callsite.PogoMetaMethodSite.callCurrent(PogoMetaMethodSite.java:59)
	at org.codehaus.groovy.runtime.callsite.AbstractCallSite.callCurrent(AbstractCallSite.java:169)
	at io.restassured.internal.ResponseSpecificationImpl.statusCode(ResponseSpecificationImpl.groovy:125)
	at io.restassured.specification.ResponseSpecification$statusCode$0.callCurrent(Unknown Source)
	at io.restassured.internal.ResponseSpecificationImpl.statusCode(ResponseSpecificationImpl.groovy:133)
	at io.restassured.internal.ValidatableResponseOptionsImpl.statusCode(ValidatableResponseOptionsImpl.java:119)
	at triangle.service.tests.CreateTriangleTest.unprocessbleCreateTriangleRequestTest(CreateTriangleTest.java:78)
... Removed 44 stack frames</pre></div><a href='#' onClick='toggleBox("stack-trace1535161373", this, "Click to show all stack frames", "Click to hide stack frames")'>Click to show all stack frames</a>
<div class='stack-trace' id='stack-trace1535161373'><pre>java.lang.AssertionError: 1 expectation failed.
Expected status code &lt;422&gt; but was &lt;200&gt;.

	at java.base/jdk.internal.reflect.NativeConstructorAccessorImpl.newInstance0(Native Method)
	at java.base/jdk.internal.reflect.NativeConstructorAccessorImpl.newInstance(NativeConstructorAccessorImpl.java:62)
	at java.base/jdk.internal.reflect.DelegatingConstructorAccessorImpl.newInstance(DelegatingConstructorAccessorImpl.java:45)
	at java.base/java.lang.reflect.Constructor.newInstance(Constructor.java:488)
	at org.codehaus.groovy.reflection.CachedConstructor.invoke(CachedConstructor.java:83)
	at org.codehaus.groovy.reflection.CachedConstructor.doConstructorInvoke(CachedConstructor.java:77)
	at org.codehaus.groovy.runtime.callsite.ConstructorSite$ConstructorSiteNoUnwrap.callConstructor(ConstructorSite.java:84)
	at org.codehaus.groovy.runtime.callsite.AbstractCallSite.callConstructor(AbstractCallSite.java:250)
	at io.restassured.internal.ResponseSpecificationImpl$HamcrestAssertionClosure.validate(ResponseSpecificationImpl.groovy:494)
	at io.restassured.internal.ResponseSpecificationImpl$HamcrestAssertionClosure$validate$1.call(Unknown Source)
	at io.restassured.internal.ResponseSpecificationImpl.validateResponseIfRequired(ResponseSpecificationImpl.groovy:656)
	at jdk.internal.reflect.GeneratedMethodAccessor150.invoke(Unknown Source)
	at java.base/jdk.internal.reflect.DelegatingMethodAccessorImpl.invoke(DelegatingMethodAccessorImpl.java:43)
	at java.base/java.lang.reflect.Method.invoke(Method.java:564)
	at org.codehaus.groovy.runtime.callsite.PogoMetaMethodSite$PogoCachedMethodSiteNoUnwrapNoCoerce.invoke(PogoMetaMethodSite.java:210)
	at org.codehaus.groovy.runtime.callsite.PogoMetaMethodSite.callCurrent(PogoMetaMethodSite.java:59)
	at org.codehaus.groovy.runtime.callsite.AbstractCallSite.callCurrent(AbstractCallSite.java:169)
	at io.restassured.internal.ResponseSpecificationImpl.statusCode(ResponseSpecificationImpl.groovy:125)
	at io.restassured.specification.ResponseSpecification$statusCode$0.callCurrent(Unknown Source)
	at io.restassured.internal.ResponseSpecificationImpl.statusCode(ResponseSpecificationImpl.groovy:133)
	at io.restassured.internal.ValidatableResponseOptionsImpl.statusCode(ValidatableResponseOptionsImpl.java:119)
	at triangle.service.tests.CreateTriangleTest.unprocessbleCreateTriangleRequestTest(CreateTriangleTest.java:78)
	at java.base/jdk.internal.reflect.NativeMethodAccessorImpl.invoke0(Native Method)
	at java.base/jdk.internal.reflect.NativeMethodAccessorImpl.invoke(NativeMethodAccessorImpl.java:62)
	at java.base/jdk.internal.reflect.DelegatingMethodAccessorImpl.invoke(DelegatingMethodAccessorImpl.java:43)
	at java.base/java.lang.reflect.Method.invoke(Method.java:564)
	at org.testng.internal.MethodInvocationHelper.invokeMethod(MethodInvocationHelper.java:124)
	at org.testng.internal.Invoker.invokeMethod(Invoker.java:583)
	at org.testng.internal.Invoker.invokeTestMethod(Invoker.java:719)
	at org.testng.internal.Invoker.invokeTestMethods(Invoker.java:989)
	at org.testng.internal.TestMethodWorker.invokeTestMethods(TestMethodWorker.java:125)
	at org.testng.internal.TestMethodWorker.run(TestMethodWorker.java:109)
	at org.testng.TestRunner.privateRun(TestRunner.java:648)
	at org.testng.TestRunner.run(TestRunner.java:505)
	at org.testng.SuiteRunner.runTest(SuiteRunner.java:455)
	at org.testng.SuiteRunner.runSequentially(SuiteRunner.java:450)
	at org.testng.SuiteRunner.privateRun(SuiteRunner.java:415)
	at org.testng.SuiteRunner.run(SuiteRunner.java:364)
	at org.testng.SuiteRunnerWorker.runSuite(SuiteRunnerWorker.java:52)
	at org.testng.SuiteRunnerWorker.run(SuiteRunnerWorker.java:84)
	at org.testng.TestNG.runSuitesSequentially(TestNG.java:1208)
	at org.testng.TestNG.runSuitesLocally(TestNG.java:1137)
	at org.testng.TestNG.runSuites(TestNG.java:1049)
	at org.testng.TestNG.run(TestNG.java:1017)
	at org.apache.maven.surefire.testng.TestNGExecutor.run(TestNGExecutor.java:77)
	at org.apache.maven.surefire.testng.TestNGDirectoryTestSuite.executeMulti(TestNGDirectoryTestSuite.java:159)
	at org.apache.maven.surefire.testng.TestNGDirectoryTestSuite.execute(TestNGDirectoryTestSuite.java:99)
	at org.apache.maven.surefire.testng.TestNGProvider.invoke(TestNGProvider.java:106)
	at java.base/jdk.internal.reflect.NativeMethodAccessorImpl.invoke0(Native Method)
	at java.base/jdk.internal.reflect.NativeMethodAccessorImpl.invoke(NativeMethodAccessorImpl.java:62)
	at java.base/jdk.internal.reflect.DelegatingMethodAccessorImpl.invoke(DelegatingMethodAccessorImpl.java:43)
	at java.base/java.lang.reflect.Method.invoke(Method.java:564)
	at org.apache.maven.surefire.util.ReflectionUtils.invokeMethodWithArray(ReflectionUtils.java:189)
	at org.apache.maven.surefire.booter.ProviderFactory$ProviderProxy.invoke(ProviderFactory.java:165)
	at org.apache.maven.surefire.booter.ProviderFactory.invokeProvider(ProviderFactory.java:85)
	at org.apache.maven.surefire.booter.ForkedBooter.runSuitesInProcess(ForkedBooter.java:115)
	at org.apache.maven.surefire.booter.ForkedBooter.main(ForkedBooter.java:75)
</pre></div></td>
<td>2</td>
<td>triangle.service.tests.CreateTriangleTest@7a69b07</td></tr>
<tr>
<td title='triangle.service.tests.CreateTriangleTest.unprocessbleCreateTriangleRequestTest()'><b>unprocessbleCreateTriangleRequestTest</b><br>Test class: triangle.service.tests.CreateTriangleTest<br>Parameters: {input='3;4;5;6', separator='null'}</td>
<td><div><pre>java.lang.AssertionError: 1 expectation failed.
Expected status code &lt;422&gt; but was &lt;200&gt;.

	at org.codehaus.groovy.runtime.callsite.ConstructorSite$ConstructorSiteNoUnwrap.callConstructor(ConstructorSite.java:84)
	at org.codehaus.groovy.runtime.callsite.AbstractCallSite.callConstructor(AbstractCallSite.java:250)
	at io.restassured.internal.ResponseSpecificationImpl$HamcrestAssertionClosure.validate(ResponseSpecificationImpl.groovy:494)
	at io.restassured.internal.ResponseSpecificationImpl$HamcrestAssertionClosure$validate$1.call(Unknown Source)
	at io.restassured.internal.ResponseSpecificationImpl.validateResponseIfRequired(ResponseSpecificationImpl.groovy:656)
	at org.codehaus.groovy.runtime.callsite.PogoMetaMethodSite$PogoCachedMethodSiteNoUnwrapNoCoerce.invoke(PogoMetaMethodSite.java:210)
	at org.codehaus.groovy.runtime.callsite.PogoMetaMethodSite.callCurrent(PogoMetaMethodSite.java:59)
	at org.codehaus.groovy.runtime.callsite.AbstractCallSite.callCurrent(AbstractCallSite.java:169)
	at io.restassured.internal.ResponseSpecificationImpl.statusCode(ResponseSpecificationImpl.groovy:125)
	at io.restassured.specification.ResponseSpecification$statusCode$0.callCurrent(Unknown Source)
	at io.restassured.internal.ResponseSpecificationImpl.statusCode(ResponseSpecificationImpl.groovy:133)
	at io.restassured.internal.ValidatableResponseOptionsImpl.statusCode(ValidatableResponseOptionsImpl.java:119)
	at triangle.service.tests.CreateTriangleTest.unprocessbleCreateTriangleRequestTest(CreateTriangleTest.java:78)
... Removed 44 stack frames</pre></div><a href='#' onClick='toggleBox("stack-trace1919573610", this, "Click to show all stack frames", "Click to hide stack frames")'>Click to show all stack frames</a>
<div class='stack-trace' id='stack-trace1919573610'><pre>java.lang.AssertionError: 1 expectation failed.
Expected status code &lt;422&gt; but was &lt;200&gt;.

	at java.base/jdk.internal.reflect.NativeConstructorAccessorImpl.newInstance0(Native Method)
	at java.base/jdk.internal.reflect.NativeConstructorAccessorImpl.newInstance(NativeConstructorAccessorImpl.java:62)
	at java.base/jdk.internal.reflect.DelegatingConstructorAccessorImpl.newInstance(DelegatingConstructorAccessorImpl.java:45)
	at java.base/java.lang.reflect.Constructor.newInstance(Constructor.java:488)
	at org.codehaus.groovy.reflection.CachedConstructor.invoke(CachedConstructor.java:83)
	at org.codehaus.groovy.reflection.CachedConstructor.doConstructorInvoke(CachedConstructor.java:77)
	at org.codehaus.groovy.runtime.callsite.ConstructorSite$ConstructorSiteNoUnwrap.callConstructor(ConstructorSite.java:84)
	at org.codehaus.groovy.runtime.callsite.AbstractCallSite.callConstructor(AbstractCallSite.java:250)
	at io.restassured.internal.ResponseSpecificationImpl$HamcrestAssertionClosure.validate(ResponseSpecificationImpl.groovy:494)
	at io.restassured.internal.ResponseSpecificationImpl$HamcrestAssertionClosure$validate$1.call(Unknown Source)
	at io.restassured.internal.ResponseSpecificationImpl.validateResponseIfRequired(ResponseSpecificationImpl.groovy:656)
	at jdk.internal.reflect.GeneratedMethodAccessor150.invoke(Unknown Source)
	at java.base/jdk.internal.reflect.DelegatingMethodAccessorImpl.invoke(DelegatingMethodAccessorImpl.java:43)
	at java.base/java.lang.reflect.Method.invoke(Method.java:564)
	at org.codehaus.groovy.runtime.callsite.PogoMetaMethodSite$PogoCachedMethodSiteNoUnwrapNoCoerce.invoke(PogoMetaMethodSite.java:210)
	at org.codehaus.groovy.runtime.callsite.PogoMetaMethodSite.callCurrent(PogoMetaMethodSite.java:59)
	at org.codehaus.groovy.runtime.callsite.AbstractCallSite.callCurrent(AbstractCallSite.java:169)
	at io.restassured.internal.ResponseSpecificationImpl.statusCode(ResponseSpecificationImpl.groovy:125)
	at io.restassured.specification.ResponseSpecification$statusCode$0.callCurrent(Unknown Source)
	at io.restassured.internal.ResponseSpecificationImpl.statusCode(ResponseSpecificationImpl.groovy:133)
	at io.restassured.internal.ValidatableResponseOptionsImpl.statusCode(ValidatableResponseOptionsImpl.java:119)
	at triangle.service.tests.CreateTriangleTest.unprocessbleCreateTriangleRequestTest(CreateTriangleTest.java:78)
	at java.base/jdk.internal.reflect.NativeMethodAccessorImpl.invoke0(Native Method)
	at java.base/jdk.internal.reflect.NativeMethodAccessorImpl.invoke(NativeMethodAccessorImpl.java:62)
	at java.base/jdk.internal.reflect.DelegatingMethodAccessorImpl.invoke(DelegatingMethodAccessorImpl.java:43)
	at java.base/java.lang.reflect.Method.invoke(Method.java:564)
	at org.testng.internal.MethodInvocationHelper.invokeMethod(MethodInvocationHelper.java:124)
	at org.testng.internal.Invoker.invokeMethod(Invoker.java:583)
	at org.testng.internal.Invoker.invokeTestMethod(Invoker.java:719)
	at org.testng.internal.Invoker.invokeTestMethods(Invoker.java:989)
	at org.testng.internal.TestMethodWorker.invokeTestMethods(TestMethodWorker.java:125)
	at org.testng.internal.TestMethodWorker.run(TestMethodWorker.java:109)
	at org.testng.TestRunner.privateRun(TestRunner.java:648)
	at org.testng.TestRunner.run(TestRunner.java:505)
	at org.testng.SuiteRunner.runTest(SuiteRunner.java:455)
	at org.testng.SuiteRunner.runSequentially(SuiteRunner.java:450)
	at org.testng.SuiteRunner.privateRun(SuiteRunner.java:415)
	at org.testng.SuiteRunner.run(SuiteRunner.java:364)
	at org.testng.SuiteRunnerWorker.runSuite(SuiteRunnerWorker.java:52)
	at org.testng.SuiteRunnerWorker.run(SuiteRunnerWorker.java:84)
	at org.testng.TestNG.runSuitesSequentially(TestNG.java:1208)
	at org.testng.TestNG.runSuitesLocally(TestNG.java:1137)
	at org.testng.TestNG.runSuites(TestNG.java:1049)
	at org.testng.TestNG.run(TestNG.java:1017)
	at org.apache.maven.surefire.testng.TestNGExecutor.run(TestNGExecutor.java:77)
	at org.apache.maven.surefire.testng.TestNGDirectoryTestSuite.executeMulti(TestNGDirectoryTestSuite.java:159)
	at org.apache.maven.surefire.testng.TestNGDirectoryTestSuite.execute(TestNGDirectoryTestSuite.java:99)
	at org.apache.maven.surefire.testng.TestNGProvider.invoke(TestNGProvider.java:106)
	at java.base/jdk.internal.reflect.NativeMethodAccessorImpl.invoke0(Native Method)
	at java.base/jdk.internal.reflect.NativeMethodAccessorImpl.invoke(NativeMethodAccessorImpl.java:62)
	at java.base/jdk.internal.reflect.DelegatingMethodAccessorImpl.invoke(DelegatingMethodAccessorImpl.java:43)
	at java.base/java.lang.reflect.Method.invoke(Method.java:564)
	at org.apache.maven.surefire.util.ReflectionUtils.invokeMethodWithArray(ReflectionUtils.java:189)
	at org.apache.maven.surefire.booter.ProviderFactory$ProviderProxy.invoke(ProviderFactory.java:165)
	at org.apache.maven.surefire.booter.ProviderFactory.invokeProvider(ProviderFactory.java:85)
	at org.apache.maven.surefire.booter.ForkedBooter.runSuitesInProcess(ForkedBooter.java:115)
	at org.apache.maven.surefire.booter.ForkedBooter.main(ForkedBooter.java:75)
</pre></div></td>
<td>2</td>
<td>triangle.service.tests.CreateTriangleTest@7a69b07</td></tr>
</table><p>
<table width='100%' border='1' class='invocation-passed'>
<tr><td colspan='4' align='center'><b>PASSED TESTS</b></td></tr>
<tr><td><b>Test method</b></td>
<td width="30%"><b>Exception</b></td>
<td width="10%"><b>Time (seconds)</b></td>
<td><b>Instance</b></td>
</tr>
<tr>
<td title='triangle.service.tests.SeparatorTest.createTriangleSuccessTest()'><b>createTriangleSuccessTest</b><br>Test class: triangle.service.tests.SeparatorTest<br>Parameters: {input='3;4;5', separator=';'}, 3.0, 4.0, 5.0</td>
<td></td>
<td>1</td>
<td>triangle.service.tests.SeparatorTest@1139b2f3</td></tr>
<tr>
<td title='triangle.service.tests.SeparatorTest.createTriangleSuccessTest()'><b>createTriangleSuccessTest</b><br>Test class: triangle.service.tests.SeparatorTest<br>Parameters: {input='3,4,5', separator=','}, 3.0, 4.0, 5.0</td>
<td></td>
<td>1</td>
<td>triangle.service.tests.SeparatorTest@1139b2f3</td></tr>
<tr>
<td title='triangle.service.tests.SeparatorTest.createTriangleSuccessTest()'><b>createTriangleSuccessTest</b><br>Test class: triangle.service.tests.SeparatorTest<br>Parameters: {input='3:4:5', separator=':'}, 3.0, 4.0, 5.0</td>
<td></td>
<td>1</td>
<td>triangle.service.tests.SeparatorTest@1139b2f3</td></tr>
<tr>
<td title='triangle.service.tests.SeparatorTest.createTriangleSuccessTest()'><b>createTriangleSuccessTest</b><br>Test class: triangle.service.tests.SeparatorTest<br>Parameters: {input='3 4 5', separator=' '}, 3.0, 4.0, 5.0</td>
<td></td>
<td>2</td>
<td>triangle.service.tests.SeparatorTest@1139b2f3</td></tr>
<tr>
<td title='triangle.service.tests.SeparatorTest.createTriangleSuccessTest()'><b>createTriangleSuccessTest</b><br>Test class: triangle.service.tests.SeparatorTest<br>Parameters: {input='3  4  5', separator='  '}, 3.0, 4.0, 5.0</td>
<td></td>
<td>1</td>
<td>triangle.service.tests.SeparatorTest@1139b2f3</td></tr>
<tr>
<td title='triangle.service.tests.SeparatorTest.createTriangleSuccessTest()'><b>createTriangleSuccessTest</b><br>Test class: triangle.service.tests.SeparatorTest<br>Parameters: {input='3	4	5', separator='	'}, 3.0, 4.0, 5.0</td>
<td></td>
<td>1</td>
<td>triangle.service.tests.SeparatorTest@1139b2f3</td></tr>
<tr>
<td title='triangle.service.tests.SeparatorTest.createTriangleSuccessTest()'><b>createTriangleSuccessTest</b><br>Test class: triangle.service.tests.SeparatorTest<br>Parameters: {input='3
4
5', separator='
'}, 3.0, 4.0, 5.0</td>
<td></td>
<td>1</td>
<td>triangle.service.tests.SeparatorTest@1139b2f3</td></tr>
<tr>
<td title='triangle.service.tests.SeparatorTest.createTriangleSuccessTest()'><b>createTriangleSuccessTest</b><br>Test class: triangle.service.tests.SeparatorTest<br>Parameters: {input='3a4a5', separator='a'}, 3.0, 4.0, 5.0</td>
<td></td>
<td>1</td>
<td>triangle.service.tests.SeparatorTest@1139b2f3</td></tr>
<tr>
<td title='triangle.service.tests.SeparatorTest.createTriangleSuccessTest()'><b>createTriangleSuccessTest</b><br>Test class: triangle.service.tests.SeparatorTest<br>Parameters: {input='3ж4ж5', separator='ж'}, 3.0, 4.0, 5.0</td>
<td></td>
<td>1</td>
<td>triangle.service.tests.SeparatorTest@1139b2f3</td></tr>
<tr>
<td title='triangle.service.tests.SeparatorTest.createTriangleSuccessTest()'><b>createTriangleSuccessTest</b><br>Test class: triangle.service.tests.SeparatorTest<br>Parameters: {input='3long_separator4long_separator5', separator='long_separator'}, 3.0, 4.0, 5.0</td>
<td></td>
<td>1</td>
<td>triangle.service.tests.SeparatorTest@1139b2f3</td></tr>
<tr>
<td title='triangle.service.tests.SeparatorTest.createTriangleSuccessTest()'><b>createTriangleSuccessTest</b><br>Test class: triangle.service.tests.SeparatorTest<br>Parameters: {input='1000000000000000000:1000000000000000000:1000000000000000000', separator=':'}, 1.0E18, 1.0E18, 1.0E18</td>
<td></td>
<td>1</td>
<td>triangle.service.tests.SeparatorTest@1139b2f3</td></tr>
<tr>
<td title='triangle.service.tests.CreateTriangleTest.createTriangleSuccessTest()'><b>createTriangleSuccessTest</b><br>Test class: triangle.service.tests.CreateTriangleTest<br>Parameters: {input='3;4;5', separator='null'}, 3.0, 4.0, 5.0</td>
<td></td>
<td>1</td>
<td>triangle.service.tests.CreateTriangleTest@7a69b07</td></tr>
<tr>
<td title='triangle.service.tests.CreateTriangleTest.createTriangleSuccessTest()'><b>createTriangleSuccessTest</b><br>Test class: triangle.service.tests.CreateTriangleTest<br>Parameters: {input='0.5;0.75;0.5', separator='null'}, 0.5, 0.75, 0.5</td>
<td></td>
<td>1</td>
<td>triangle.service.tests.CreateTriangleTest@7a69b07</td></tr>
<tr>
<td title='triangle.service.tests.CreateTriangleTest.createTriangleSuccessTest()'><b>createTriangleSuccessTest</b><br>Test class: triangle.service.tests.CreateTriangleTest<br>Parameters: {input='1;1;2', separator='null'}, 1.0, 1.0, 2.0</td>
<td></td>
<td>1</td>
<td>triangle.service.tests.CreateTriangleTest@7a69b07</td></tr>
<tr>
<td title='triangle.service.tests.CreateTriangleTest.createTriangleSuccessTest()'><b>createTriangleSuccessTest</b><br>Test class: triangle.service.tests.CreateTriangleTest<br>Parameters: {input='1;1;0', separator='null'}, 1.0, 1.0, 0.0</td>
<td></td>
<td>2</td>
<td>triangle.service.tests.CreateTriangleTest@7a69b07</td></tr>
<tr>
<td title='triangle.service.tests.CreateTriangleTest.createTriangleSuccessTest()'><b>createTriangleSuccessTest</b><br>Test class: triangle.service.tests.CreateTriangleTest<br>Parameters: {input='0;0;0', separator='null'}, 0.0, 0.0, 0.0</td>
<td></td>
<td>1</td>
<td>triangle.service.tests.CreateTriangleTest@7a69b07</td></tr>
<tr>
<td title='triangle.service.tests.CreateTriangleTest.createTriangleSuccessTest()'><b>createTriangleSuccessTest</b><br>Test class: triangle.service.tests.CreateTriangleTest<br>Parameters: {input='1000000000000000000;1000000000000000000;1000000000000000000', separator='null'}, 1.0E18, 1.0E18, 1.0E18</td>
<td></td>
<td>1</td>
<td>triangle.service.tests.CreateTriangleTest@7a69b07</td></tr>
<tr>
<td title='triangle.service.tests.DeleteTest.deleteTriangleTest()'><b>deleteTriangleTest</b><br>Test class: triangle.service.tests.DeleteTest</td>
<td></td>
<td>4</td>
<td>triangle.service.tests.DeleteTest@636be97c</td></tr>
<tr>
<td title='triangle.service.tests.GetAllTriangleTest.getAllTest()'><b>getAllTest</b><br>Test class: triangle.service.tests.GetAllTriangleTest</td>
<td></td>
<td>5</td>
<td>triangle.service.tests.GetAllTriangleTest@5c30a9b0</td></tr>
<tr>
<td title='triangle.service.tests.TriangleAreaTest.getTriangleAreaTest()'><b>getTriangleAreaTest</b><br>Test class: triangle.service.tests.TriangleAreaTest<br>Parameters: 3;4;5, 6.0</td>
<td></td>
<td>2</td>
<td>triangle.service.tests.TriangleAreaTest@5e82df6a</td></tr>
<tr>
<td title='triangle.service.tests.TriangleAreaTest.getTriangleAreaTest()'><b>getTriangleAreaTest</b><br>Test class: triangle.service.tests.TriangleAreaTest<br>Parameters: 0.5;0.75;1.0, 0.18154609435347266</td>
<td></td>
<td>2</td>
<td>triangle.service.tests.TriangleAreaTest@5e82df6a</td></tr>
<tr>
<td title='triangle.service.tests.TriangleAreaTest.getTriangleAreaTest()'><b>getTriangleAreaTest</b><br>Test class: triangle.service.tests.TriangleAreaTest<br>Parameters: 1000000.001;1000000;1000000, 4.330127021808946E11</td>
<td></td>
<td>2</td>
<td>triangle.service.tests.TriangleAreaTest@5e82df6a</td></tr>
<tr>
<td title='triangle.service.tests.TriangleAreaTest.getTriangleAreaTest()'><b>getTriangleAreaTest</b><br>Test class: triangle.service.tests.TriangleAreaTest<br>Parameters: 1;1;0, 0</td>
<td></td>
<td>2</td>
<td>triangle.service.tests.TriangleAreaTest@5e82df6a</td></tr>
<tr>
<td title='triangle.service.tests.TriangleAreaTest.getTriangleAreaTest()'><b>getTriangleAreaTest</b><br>Test class: triangle.service.tests.TriangleAreaTest<br>Parameters: 1;1;2, 0</td>
<td></td>
<td>2</td>
<td>triangle.service.tests.TriangleAreaTest@5e82df6a</td></tr>
<tr>
<td title='triangle.service.tests.TriangleAreaTest.getTriangleAreaTest()'><b>getTriangleAreaTest</b><br>Test class: triangle.service.tests.TriangleAreaTest<br>Parameters: 0;0;0, 0</td>
<td></td>
<td>2</td>
<td>triangle.service.tests.TriangleAreaTest@5e82df6a</td></tr>
<tr>
<td title='triangle.service.tests.TrianglePerimeterTest.getTrianglePerimeterTest()'><b>getTrianglePerimeterTest</b><br>Test class: triangle.service.tests.TrianglePerimeterTest<br>Parameters: 3;4;5, 12.0</td>
<td></td>
<td>2</td>
<td>triangle.service.tests.TrianglePerimeterTest@3f197a46</td></tr>
<tr>
<td title='triangle.service.tests.TrianglePerimeterTest.getTrianglePerimeterTest()'><b>getTrianglePerimeterTest</b><br>Test class: triangle.service.tests.TrianglePerimeterTest<br>Parameters: 0.5;0.75;0.5, 1.75</td>
<td></td>
<td>2</td>
<td>triangle.service.tests.TrianglePerimeterTest@3f197a46</td></tr>
<tr>
<td title='triangle.service.tests.TrianglePerimeterTest.getTrianglePerimeterTest()'><b>getTrianglePerimeterTest</b><br>Test class: triangle.service.tests.TrianglePerimeterTest<br>Parameters: 1000000.001;1000000.002;1000000.003, 3000000.006</td>
<td></td>
<td>2</td>
<td>triangle.service.tests.TrianglePerimeterTest@3f197a46</td></tr>
<tr>
<td title='triangle.service.tests.TrianglePerimeterTest.getTrianglePerimeterTest()'><b>getTrianglePerimeterTest</b><br>Test class: triangle.service.tests.TrianglePerimeterTest<br>Parameters: 1;1;0, 2</td>
<td></td>
<td>2</td>
<td>triangle.service.tests.TrianglePerimeterTest@3f197a46</td></tr>
<tr>
<td title='triangle.service.tests.TrianglePerimeterTest.getTrianglePerimeterTest()'><b>getTrianglePerimeterTest</b><br>Test class: triangle.service.tests.TrianglePerimeterTest<br>Parameters: 1;1;2, 4</td>
<td></td>
<td>2</td>
<td>triangle.service.tests.TrianglePerimeterTest@3f197a46</td></tr>
<tr>
<td title='triangle.service.tests.TrianglePerimeterTest.getTrianglePerimeterTest()'><b>getTrianglePerimeterTest</b><br>Test class: triangle.service.tests.TrianglePerimeterTest<br>Parameters: 0;0;0, 0</td>
<td></td>
<td>2</td>
<td>triangle.service.tests.TrianglePerimeterTest@3f197a46</td></tr>
<tr>
<td title='triangle.service.tests.CapacityTest.maxCapacityAndAbove()'><b>maxCapacityAndAbove</b><br>Test class: triangle.service.tests.CapacityTest</td>
<td></td>
<td>29</td>
<td>triangle.service.tests.CapacityTest@1ddf84b8</td></tr>
<tr>
<td title='triangle.service.tests.TriangleAreaTest.notFoundTest()'><b>notFoundTest</b><br>Test class: triangle.service.tests.TriangleAreaTest</td>
<td></td>
<td>1</td>
<td>triangle.service.tests.TriangleAreaTest@5e82df6a</td></tr>
<tr>
<td title='triangle.service.tests.TrianglePerimeterTest.notFoundTest()'><b>notFoundTest</b><br>Test class: triangle.service.tests.TrianglePerimeterTest</td>
<td></td>
<td>1</td>
<td>triangle.service.tests.TrianglePerimeterTest@3f197a46</td></tr>
<tr>
<td title='triangle.service.tests.DeleteTest.notFoundTest()'><b>notFoundTest</b><br>Test class: triangle.service.tests.DeleteTest</td>
<td></td>
<td>1</td>
<td>triangle.service.tests.DeleteTest@636be97c</td></tr>
<tr>
<td title='triangle.service.tests.AuthorizationTest.unauthorizedRequestDeleteTriangleTest()'><b>unauthorizedRequestDeleteTriangleTest</b><br>Test class: triangle.service.tests.AuthorizationTest</td>
<td></td>
<td>3</td>
<td>triangle.service.tests.AuthorizationTest@50a638b5</td></tr>
<tr>
<td title='triangle.service.tests.AuthorizationTest.unauthorizedRequestGetTriangleAllTest()'><b>unauthorizedRequestGetTriangleAllTest</b><br>Test class: triangle.service.tests.AuthorizationTest</td>
<td></td>
<td>1</td>
<td>triangle.service.tests.AuthorizationTest@50a638b5</td></tr>
<tr>
<td title='triangle.service.tests.AuthorizationTest.unauthorizedRequestPostTriangleTest()'><b>unauthorizedRequestPostTriangleTest</b><br>Test class: triangle.service.tests.AuthorizationTest</td>
<td></td>
<td>1</td>
<td>triangle.service.tests.AuthorizationTest@50a638b5</td></tr>
<tr>
<td title='triangle.service.tests.AuthorizationTest.unauthorizedRequestTriangleAreaTest()'><b>unauthorizedRequestTriangleAreaTest</b><br>Test class: triangle.service.tests.AuthorizationTest</td>
<td></td>
<td>2</td>
<td>triangle.service.tests.AuthorizationTest@50a638b5</td></tr>
<tr>
<td title='triangle.service.tests.AuthorizationTest.unauthorizedRequestTrianglePerimeterTest()'><b>unauthorizedRequestTrianglePerimeterTest</b><br>Test class: triangle.service.tests.AuthorizationTest</td>
<td></td>
<td>2</td>
<td>triangle.service.tests.AuthorizationTest@50a638b5</td></tr>
<tr>
<td title='triangle.service.tests.SeparatorTest.unprocessbleCreateTriangleRequestTest()'><b>unprocessbleCreateTriangleRequestTest</b><br>Test class: triangle.service.tests.SeparatorTest<br>Parameters: {input='3:4:8', separator=';'}</td>
<td></td>
<td>1</td>
<td>triangle.service.tests.SeparatorTest@1139b2f3</td></tr>
<tr>
<td title='triangle.service.tests.SeparatorTest.unprocessbleCreateTriangleRequestTest()'><b>unprocessbleCreateTriangleRequestTest</b><br>Test class: triangle.service.tests.SeparatorTest<br>Parameters: {input='3;4;5', separator=':'}</td>
<td></td>
<td>1</td>
<td>triangle.service.tests.SeparatorTest@1139b2f3</td></tr>
<tr>
<td title='triangle.service.tests.CreateTriangleTest.unprocessbleCreateTriangleRequestTest()'><b>unprocessbleCreateTriangleRequestTest</b><br>Test class: triangle.service.tests.CreateTriangleTest<br>Parameters: {input='3;4;8', separator='null'}</td>
<td></td>
<td>1</td>
<td>triangle.service.tests.CreateTriangleTest@7a69b07</td></tr>
<tr>
<td title='triangle.service.tests.CreateTriangleTest.unprocessbleCreateTriangleRequestTest()'><b>unprocessbleCreateTriangleRequestTest</b><br>Test class: triangle.service.tests.CreateTriangleTest<br>Parameters: {input='1;1;0,5', separator='null'}</td>
<td></td>
<td>1</td>
<td>triangle.service.tests.CreateTriangleTest@7a69b07</td></tr>
<tr>
<td title='triangle.service.tests.CreateTriangleTest.unprocessbleCreateTriangleRequestTest()'><b>unprocessbleCreateTriangleRequestTest</b><br>Test class: triangle.service.tests.CreateTriangleTest<br>Parameters: {input='3;4;', separator='null'}</td>
<td></td>
<td>1</td>
<td>triangle.service.tests.CreateTriangleTest@7a69b07</td></tr>
<tr>
<td title='triangle.service.tests.CreateTriangleTest.unprocessbleCreateTriangleRequestTest()'><b>unprocessbleCreateTriangleRequestTest</b><br>Test class: triangle.service.tests.CreateTriangleTest<br>Parameters: {input='3;4;a', separator='null'}</td>
<td></td>
<td>1</td>
<td>triangle.service.tests.CreateTriangleTest@7a69b07</td></tr>
<tr>
<td title='triangle.service.tests.CreateTriangleTest.unprocessbleCreateTriangleRequestTest()'><b>unprocessbleCreateTriangleRequestTest</b><br>Test class: triangle.service.tests.CreateTriangleTest<br>Parameters: {input='3;4;5', separator=':'}</td>
<td></td>
<td>1</td>
<td>triangle.service.tests.CreateTriangleTest@7a69b07</td></tr>
</table><p>
</body>
</html>