<!DOCTYPE html PUBLIC "-//W3C//DTD XHTML 1.1//EN" "http://www.w3.org/TR/xhtml11/DTD/xhtml11.dtd">
<html xmlns="http://www.w3.org/1999/xhtml">
<head>
<meta http-equiv="content-type" content="text/html; charset=UTF-8"/>
<title>TestNG Report</title>
<style type="text/css">table {margin-bottom:10px;border-collapse:collapse;empty-cells:show}th,td {border:1px solid #009;padding:.25em .5em}th {vertical-align:bottom}td {vertical-align:top}table a {font-weight:bold}.stripe td {background-color: #E6EBF9}.num {text-align:right}.passedodd td {background-color: #3F3}.passedeven td {background-color: #0A0}.skippedodd td {background-color: #DDD}.skippedeven td {background-color: #CCC}.failedodd td,.attn {background-color: #F33}.failedeven td,.stripe .attn {background-color: #D00}.stacktrace {white-space:pre;font-family:monospace}.totop {font-size:85%;text-align:center;border-bottom:2px solid #000}.invisible {display:none}</style>
</head>
<body>
<table>
<tr><th>Test</th><th># Passed</th><th># Skipped</th><th># Failed</th><th>Time (ms)</th><th>Included Groups</th><th>Excluded Groups</th></tr>
<tr><th colspan="7">Command line suite</th></tr>
<tr><td><a href="#t0">Command line test</a></td><td class="num">47</td><td class="num">0</td><td class="num attn">5</td><td class="num">291,541</td><td></td><td></td></tr>
</table>
<table id='summary'><thead><tr><th>Class</th><th>Method</th><th>Start</th><th>Time (ms)</th></tr></thead><tbody><tr><th colspan="4">Command line suite</th></tr></tbody><tbody id="t0"><tr><th colspan="4">Command line test &#8212; failed</th></tr><tr class="failedeven"><td rowspan="4">triangle.service.tests.CreateTriangleTest</td><td><a href="#m0">unprocessbleCreateTriangleRequestTest</a></td><td rowspan="4">1581266706460</td><td rowspan="4">2154</td></tr><tr class="failedeven"><td><a href="#m1">unprocessbleCreateTriangleRequestTest</a></td></tr><tr class="failedeven"><td><a href="#m2">unprocessbleCreateTriangleRequestTest</a></td></tr><tr class="failedeven"><td><a href="#m3">unprocessbleCreateTriangleRequestTest</a></td></tr><tr class="failedodd"><td rowspan="1">triangle.service.tests.SeparatorTest</td><td><a href="#m4">createTriangleSuccessTest</a></td><td rowspan="1">1581266596371</td><td rowspan="1">3084</td></tr><tr><th colspan="4">Command line test &#8212; passed</th></tr><tr class="passedeven"><td rowspan="5">triangle.service.tests.AuthorizationTest</td><td><a href="#m5">unauthorizedRequestDeleteTriangleTest</a></td><td rowspan="1">1581266788810</td><td rowspan="1">3359</td></tr><tr class="passedeven"><td><a href="#m6">unauthorizedRequestGetTriangleAllTest</a></td><td rowspan="1">1581266792169</td><td rowspan="1">1434</td></tr><tr class="passedeven"><td><a href="#m7">unauthorizedRequestPostTriangleTest</a></td><td rowspan="1">1581266793603</td><td rowspan="1">1538</td></tr><tr class="passedeven"><td><a href="#m8">unauthorizedRequestTriangleAreaTest</a></td><td rowspan="1">1581266795141</td><td rowspan="1">2964</td></tr><tr class="passedeven"><td><a href="#m9">unauthorizedRequestTrianglePerimeterTest</a></td><td rowspan="1">1581266798105</td><td rowspan="1">2764</td></tr><tr class="passedodd"><td rowspan="1">triangle.service.tests.CapacityTest</td><td><a href="#m10">maxCapacityAndAbove</a></td><td rowspan="1">1581266545063</td><td rowspan="1">29326</td></tr><tr class="passedeven"><td rowspan="11">triangle.service.tests.CreateTriangleTest</td><td><a href="#m11">createTriangleSuccessTest</a></td><td rowspan="6">1581266675568</td><td rowspan="6">1573</td></tr><tr class="passedeven"><td><a href="#m12">createTriangleSuccessTest</a></td></tr><tr class="passedeven"><td><a href="#m13">createTriangleSuccessTest</a></td></tr><tr class="passedeven"><td><a href="#m14">createTriangleSuccessTest</a></td></tr><tr class="passedeven"><td><a href="#m15">createTriangleSuccessTest</a></td></tr><tr class="passedeven"><td><a href="#m16">createTriangleSuccessTest</a></td></tr><tr class="passedeven"><td><a href="#m17">unprocessbleCreateTriangleRequestTest</a></td><td rowspan="5">1581266685768</td><td rowspan="5">1549</td></tr><tr class="passedeven"><td><a href="#m18">unprocessbleCreateTriangleRequestTest</a></td></tr><tr class="passedeven"><td><a href="#m19">unprocessbleCreateTriangleRequestTest</a></td></tr><tr class="passedeven"><td><a href="#m20">unprocessbleCreateTriangleRequestTest</a></td></tr><tr class="passedeven"><td><a href="#m21">unprocessbleCreateTriangleRequestTest</a></td></tr><tr class="passedodd"><td rowspan="2">triangle.service.tests.DeleteTest</td><td><a href="#m22">deleteTriangleTest</a></td><td rowspan="1">1581266800870</td><td rowspan="1">4273</td></tr><tr class="passedodd"><td><a href="#m23">notFoundTest</a></td><td rowspan="1">1581266812579</td><td rowspan="1">1194</td></tr><tr class="passedeven"><td rowspan="1">triangle.service.tests.GetAllTriangleTest</td><td><a href="#m24">getAllTest</a></td><td rowspan="1">1581266536404</td><td rowspan="1">5705</td></tr><tr class="passedodd"><td rowspan="13">triangle.service.tests.SeparatorTest</td><td><a href="#m25">createTriangleSuccessTest</a></td><td rowspan="11">1581266610922</td><td rowspan="11">2080</td></tr><tr class="passedodd"><td><a href="#m26">createTriangleSuccessTest</a></td></tr><tr class="passedodd"><td><a href="#m27">createTriangleSuccessTest</a></td></tr><tr class="passedodd"><td><a href="#m28">createTriangleSuccessTest</a></td></tr><tr class="passedodd"><td><a href="#m29">createTriangleSuccessTest</a></td></tr><tr class="passedodd"><td><a href="#m30">createTriangleSuccessTest</a></td></tr><tr class="passedodd"><td><a href="#m31">createTriangleSuccessTest</a></td></tr><tr class="passedodd"><td><a href="#m32">createTriangleSuccessTest</a></td></tr><tr class="passedodd"><td><a href="#m33">createTriangleSuccessTest</a></td></tr><tr class="passedodd"><td><a href="#m34">createTriangleSuccessTest</a></td></tr><tr class="passedodd"><td><a href="#m35">createTriangleSuccessTest</a></td></tr><tr class="passedodd"><td><a href="#m36">unprocessbleCreateTriangleRequestTest</a></td><td rowspan="2">1581266650548</td><td rowspan="2">1952</td></tr><tr class="passedodd"><td><a href="#m37">unprocessbleCreateTriangleRequestTest</a></td></tr><tr class="passedeven"><td rowspan="7">triangle.service.tests.TriangleAreaTest</td><td><a href="#m38">getTriangleAreaTest</a></td><td rowspan="6">1581266741272</td><td rowspan="6">2749</td></tr><tr class="passedeven"><td><a href="#m39">getTriangleAreaTest</a></td></tr><tr class="passedeven"><td><a href="#m40">getTriangleAreaTest</a></td></tr><tr class="passedeven"><td><a href="#m41">getTriangleAreaTest</a></td></tr><tr class="passedeven"><td><a href="#m42">getTriangleAreaTest</a></td></tr><tr class="passedeven"><td><a href="#m43">getTriangleAreaTest</a></td></tr><tr class="passedeven"><td><a href="#m44">notFoundTest</a></td><td rowspan="1">1581266751812</td><td rowspan="1">1193</td></tr><tr class="passedodd"><td rowspan="7">triangle.service.tests.TrianglePerimeterTest</td><td><a href="#m45">getTrianglePerimeterTest</a></td><td rowspan="6">1581266780500</td><td rowspan="6">2700</td></tr><tr class="passedodd"><td><a href="#m46">getTrianglePerimeterTest</a></td></tr><tr class="passedodd"><td><a href="#m47">getTrianglePerimeterTest</a></td></tr><tr class="passedodd"><td><a href="#m48">getTrianglePerimeterTest</a></td></tr><tr class="passedodd"><td><a href="#m49">getTrianglePerimeterTest</a></td></tr><tr class="passedodd"><td><a href="#m50">getTrianglePerimeterTest</a></td></tr><tr class="passedodd"><td><a href="#m51">notFoundTest</a></td><td rowspan="1">1581266785606</td><td rowspan="1">1755</td></tr></tbody>
</table>
<h2>Command line test</h2><h3 id="m0">triangle.service.tests.CreateTriangleTest#unprocessbleCreateTriangleRequestTest</h3><table class="result"><tr class="param"><th>Parameter #1</th></tr><tr class="param stripe"><td>{input=&apos;3;4;5;6&apos;, separator=&apos;null&apos;}</td></tr><tr><th>Exception</th></tr><tr><td><div class="stacktrace">java.lang.AssertionError: 1 expectation failed.
Expected status code &lt;422&gt; but was &lt;200&gt;.

	at org.codehaus.groovy.runtime.callsite.ConstructorSite$ConstructorSiteNoUnwrap.callConstructor(ConstructorSite.java:84)
	at org.codehaus.groovy.runtime.callsite.AbstractCallSite.callConstructor(AbstractCallSite.java:250)
	at io.restassured.internal.ResponseSpecificationImpl$HamcrestAssertionClosure.validate(ResponseSpecificationImpl.groovy:494)
	at io.restassured.internal.ResponseSpecificationImpl$HamcrestAssertionClosure$validate$1.call(Unknown Source)
	at io.restassured.internal.ResponseSpecificationImpl.validateResponseIfRequired(ResponseSpecificationImpl.groovy:656)
	at org.codehaus.groovy.runtime.callsite.PogoMetaMethodSite$PogoCachedMethodSiteNoUnwrapNoCoerce.invoke(PogoMetaMethodSite.java:210)
	at org.codehaus.groovy.runtime.callsite.PogoMetaMethodSite.callCurrent(PogoMetaMethodSite.java:59)
	at org.codehaus.groovy.runtime.callsite.AbstractCallSite.callCurrent(AbstractCallSite.java:169)
	at io.restassured.internal.ResponseSpecificationImpl.statusCode(ResponseSpecificationImpl.groovy:125)
	at io.restassured.specification.ResponseSpecification$statusCode$0.callCurrent(Unknown Source)
	at io.restassured.internal.ResponseSpecificationImpl.statusCode(ResponseSpecificationImpl.groovy:133)
	at io.restassured.internal.ValidatableResponseOptionsImpl.statusCode(ValidatableResponseOptionsImpl.java:119)
	at triangle.service.tests.CreateTriangleTest.unprocessbleCreateTriangleRequestTest(CreateTriangleTest.java:78)
... Removed 44 stack frames</div></td></tr></table><p class="totop"><a href="#summary">back to summary</a></p>
<h3 id="m1">triangle.service.tests.CreateTriangleTest#unprocessbleCreateTriangleRequestTest</h3><table class="result"><tr class="param"><th>Parameter #1</th></tr><tr class="param stripe"><td>{input=&apos;3;4;-5&apos;, separator=&apos;null&apos;}</td></tr><tr><th>Exception</th></tr><tr><td><div class="stacktrace">java.lang.AssertionError: 1 expectation failed.
Expected status code &lt;422&gt; but was &lt;200&gt;.

	at org.codehaus.groovy.runtime.callsite.ConstructorSite$ConstructorSiteNoUnwrap.callConstructor(ConstructorSite.java:84)
	at org.codehaus.groovy.runtime.callsite.AbstractCallSite.callConstructor(AbstractCallSite.java:250)
	at io.restassured.internal.ResponseSpecificationImpl$HamcrestAssertionClosure.validate(ResponseSpecificationImpl.groovy:494)
	at io.restassured.internal.ResponseSpecificationImpl$HamcrestAssertionClosure$validate$1.call(Unknown Source)
	at io.restassured.internal.ResponseSpecificationImpl.validateResponseIfRequired(ResponseSpecificationImpl.groovy:656)
	at org.codehaus.groovy.runtime.callsite.PogoMetaMethodSite$PogoCachedMethodSiteNoUnwrapNoCoerce.invoke(PogoMetaMethodSite.java:210)
	at org.codehaus.groovy.runtime.callsite.PogoMetaMethodSite.callCurrent(PogoMetaMethodSite.java:59)
	at org.codehaus.groovy.runtime.callsite.AbstractCallSite.callCurrent(AbstractCallSite.java:169)
	at io.restassured.internal.ResponseSpecificationImpl.statusCode(ResponseSpecificationImpl.groovy:125)
	at io.restassured.specification.ResponseSpecification$statusCode$0.callCurrent(Unknown Source)
	at io.restassured.internal.ResponseSpecificationImpl.statusCode(ResponseSpecificationImpl.groovy:133)
	at io.restassured.internal.ValidatableResponseOptionsImpl.statusCode(ValidatableResponseOptionsImpl.java:119)
	at triangle.service.tests.CreateTriangleTest.unprocessbleCreateTriangleRequestTest(CreateTriangleTest.java:78)
... Removed 44 stack frames</div></td></tr></table><p class="totop"><a href="#summary">back to summary</a></p>
<h3 id="m2">triangle.service.tests.CreateTriangleTest#unprocessbleCreateTriangleRequestTest</h3><table class="result"><tr class="param"><th>Parameter #1</th></tr><tr class="param stripe"><td>{input=&apos;-3;4;5&apos;, separator=&apos;null&apos;}</td></tr><tr><th>Exception</th></tr><tr><td><div class="stacktrace">java.lang.AssertionError: 1 expectation failed.
Expected status code &lt;422&gt; but was &lt;200&gt;.

	at org.codehaus.groovy.runtime.callsite.ConstructorSite$ConstructorSiteNoUnwrap.callConstructor(ConstructorSite.java:84)
	at org.codehaus.groovy.runtime.callsite.AbstractCallSite.callConstructor(AbstractCallSite.java:250)
	at io.restassured.internal.ResponseSpecificationImpl$HamcrestAssertionClosure.validate(ResponseSpecificationImpl.groovy:494)
	at io.restassured.internal.ResponseSpecificationImpl$HamcrestAssertionClosure$validate$1.call(Unknown Source)
	at io.restassured.internal.ResponseSpecificationImpl.validateResponseIfRequired(ResponseSpecificationImpl.groovy:656)
	at org.codehaus.groovy.runtime.callsite.PogoMetaMethodSite$PogoCachedMethodSiteNoUnwrapNoCoerce.invoke(PogoMetaMethodSite.java:210)
	at org.codehaus.groovy.runtime.callsite.PogoMetaMethodSite.callCurrent(PogoMetaMethodSite.java:59)
	at org.codehaus.groovy.runtime.callsite.AbstractCallSite.callCurrent(AbstractCallSite.java:169)
	at io.restassured.internal.ResponseSpecificationImpl.statusCode(ResponseSpecificationImpl.groovy:125)
	at io.restassured.specification.ResponseSpecification$statusCode$0.callCurrent(Unknown Source)
	at io.restassured.internal.ResponseSpecificationImpl.statusCode(ResponseSpecificationImpl.groovy:133)
	at io.restassured.internal.ValidatableResponseOptionsImpl.statusCode(ValidatableResponseOptionsImpl.java:119)
	at triangle.service.tests.CreateTriangleTest.unprocessbleCreateTriangleRequestTest(CreateTriangleTest.java:78)
... Removed 44 stack frames</div></td></tr></table><p class="totop"><a href="#summary">back to summary</a></p>
<h3 id="m3">triangle.service.tests.CreateTriangleTest#unprocessbleCreateTriangleRequestTest</h3><table class="result"><tr class="param"><th>Parameter #1</th></tr><tr class="param stripe"><td>{input=&apos;3;-4;5&apos;, separator=&apos;null&apos;}</td></tr><tr><th>Exception</th></tr><tr><td><div class="stacktrace">java.lang.AssertionError: 1 expectation failed.
Expected status code &lt;422&gt; but was &lt;200&gt;.

	at org.codehaus.groovy.runtime.callsite.ConstructorSite$ConstructorSiteNoUnwrap.callConstructor(ConstructorSite.java:84)
	at org.codehaus.groovy.runtime.callsite.AbstractCallSite.callConstructor(AbstractCallSite.java:250)
	at io.restassured.internal.ResponseSpecificationImpl$HamcrestAssertionClosure.validate(ResponseSpecificationImpl.groovy:494)
	at io.restassured.internal.ResponseSpecificationImpl$HamcrestAssertionClosure$validate$1.call(Unknown Source)
	at io.restassured.internal.ResponseSpecificationImpl.validateResponseIfRequired(ResponseSpecificationImpl.groovy:656)
	at org.codehaus.groovy.runtime.callsite.PogoMetaMethodSite$PogoCachedMethodSiteNoUnwrapNoCoerce.invoke(PogoMetaMethodSite.java:210)
	at org.codehaus.groovy.runtime.callsite.PogoMetaMethodSite.callCurrent(PogoMetaMethodSite.java:59)
	at org.codehaus.groovy.runtime.callsite.AbstractCallSite.callCurrent(AbstractCallSite.java:169)
	at io.restassured.internal.ResponseSpecificationImpl.statusCode(ResponseSpecificationImpl.groovy:125)
	at io.restassured.specification.ResponseSpecification$statusCode$0.callCurrent(Unknown Source)
	at io.restassured.internal.ResponseSpecificationImpl.statusCode(ResponseSpecificationImpl.groovy:133)
	at io.restassured.internal.ValidatableResponseOptionsImpl.statusCode(ValidatableResponseOptionsImpl.java:119)
	at triangle.service.tests.CreateTriangleTest.unprocessbleCreateTriangleRequestTest(CreateTriangleTest.java:78)
... Removed 44 stack frames</div></td></tr></table><p class="totop"><a href="#summary">back to summary</a></p>
<h3 id="m4">triangle.service.tests.SeparatorTest#createTriangleSuccessTest</h3><table class="result"><tr class="param"><th>Parameter #1</th><th>Parameter #2</th><th>Parameter #3</th><th>Parameter #4</th></tr><tr class="param stripe"><td>{input=&apos;3.4.5&apos;, separator=&apos;.&apos;}</td><td>3.0</td><td>4.0</td><td>5.0</td></tr><tr><th colspan="4">Exception</th></tr><tr><td colspan="4"><div class="stacktrace">java.lang.AssertionError: 1 expectation failed.
Expected status code &lt;200&gt; but was &lt;422&gt;.

	at org.codehaus.groovy.runtime.callsite.ConstructorSite$ConstructorSiteNoUnwrap.callConstructor(ConstructorSite.java:84)
	at org.codehaus.groovy.runtime.callsite.CallSiteArray.defaultCallConstructor(CallSiteArray.java:59)
	at org.codehaus.groovy.runtime.callsite.AbstractCallSite.callConstructor(AbstractCallSite.java:238)
	at org.codehaus.groovy.runtime.callsite.AbstractCallSite.callConstructor(AbstractCallSite.java:250)
	at io.restassured.internal.ResponseSpecificationImpl$HamcrestAssertionClosure.validate(ResponseSpecificationImpl.groovy:494)
	at io.restassured.internal.ResponseSpecificationImpl$HamcrestAssertionClosure$validate$1.call(Unknown Source)
	at io.restassured.internal.ResponseSpecificationImpl.validateResponseIfRequired(ResponseSpecificationImpl.groovy:656)
	at org.codehaus.groovy.runtime.callsite.PogoMetaMethodSite$PogoCachedMethodSiteNoUnwrapNoCoerce.invoke(PogoMetaMethodSite.java:210)
	at org.codehaus.groovy.runtime.callsite.PogoMetaMethodSite.callCurrent(PogoMetaMethodSite.java:59)
	at org.codehaus.groovy.runtime.callsite.AbstractCallSite.callCurrent(AbstractCallSite.java:169)
	at io.restassured.internal.ResponseSpecificationImpl.statusCode(ResponseSpecificationImpl.groovy:125)
	at io.restassured.specification.ResponseSpecification$statusCode$0.callCurrent(Unknown Source)
	at io.restassured.internal.ResponseSpecificationImpl.statusCode(ResponseSpecificationImpl.groovy:133)
	at io.restassured.internal.ValidatableResponseOptionsImpl.statusCode(ValidatableResponseOptionsImpl.java:119)
	at triangle.service.tests.SeparatorTest.createTriangleSuccessTest(SeparatorTest.java:52)
... Removed 44 stack frames</div></td></tr></table><p class="totop"><a href="#summary">back to summary</a></p>
<h3 id="m5">triangle.service.tests.AuthorizationTest#unauthorizedRequestDeleteTriangleTest</h3><table class="result"><tr><th class="invisible"/></tr></table><p class="totop"><a href="#summary">back to summary</a></p>
<h3 id="m6">triangle.service.tests.AuthorizationTest#unauthorizedRequestGetTriangleAllTest</h3><table class="result"><tr><th class="invisible"/></tr></table><p class="totop"><a href="#summary">back to summary</a></p>
<h3 id="m7">triangle.service.tests.AuthorizationTest#unauthorizedRequestPostTriangleTest</h3><table class="result"><tr><th class="invisible"/></tr></table><p class="totop"><a href="#summary">back to summary</a></p>
<h3 id="m8">triangle.service.tests.AuthorizationTest#unauthorizedRequestTriangleAreaTest</h3><table class="result"><tr><th class="invisible"/></tr></table><p class="totop"><a href="#summary">back to summary</a></p>
<h3 id="m9">triangle.service.tests.AuthorizationTest#unauthorizedRequestTrianglePerimeterTest</h3><table class="result"><tr><th class="invisible"/></tr></table><p class="totop"><a href="#summary">back to summary</a></p>
<h3 id="m10">triangle.service.tests.CapacityTest#maxCapacityAndAbove</h3><table class="result"><tr><th class="invisible"/></tr></table><p class="totop"><a href="#summary">back to summary</a></p>
<h3 id="m11">triangle.service.tests.CreateTriangleTest#createTriangleSuccessTest</h3><table class="result"><tr class="param"><th>Parameter #1</th><th>Parameter #2</th><th>Parameter #3</th><th>Parameter #4</th></tr><tr class="param stripe"><td>{input=&apos;0;0;0&apos;, separator=&apos;null&apos;}</td><td>0.0</td><td>0.0</td><td>0.0</td></tr></table><p class="totop"><a href="#summary">back to summary</a></p>
<h3 id="m12">triangle.service.tests.CreateTriangleTest#createTriangleSuccessTest</h3><table class="result"><tr class="param"><th>Parameter #1</th><th>Parameter #2</th><th>Parameter #3</th><th>Parameter #4</th></tr><tr class="param stripe"><td>{input=&apos;1000000000000000000;1000000000000000000;1000000000000000000&apos;, separator=&apos;null&apos;}</td><td>1.0E18</td><td>1.0E18</td><td>1.0E18</td></tr></table><p class="totop"><a href="#summary">back to summary</a></p>
<h3 id="m13">triangle.service.tests.CreateTriangleTest#createTriangleSuccessTest</h3><table class="result"><tr class="param"><th>Parameter #1</th><th>Parameter #2</th><th>Parameter #3</th><th>Parameter #4</th></tr><tr class="param stripe"><td>{input=&apos;0.5;0.75;0.5&apos;, separator=&apos;null&apos;}</td><td>0.5</td><td>0.75</td><td>0.5</td></tr></table><p class="totop"><a href="#summary">back to summary</a></p>
<h3 id="m14">triangle.service.tests.CreateTriangleTest#createTriangleSuccessTest</h3><table class="result"><tr class="param"><th>Parameter #1</th><th>Parameter #2</th><th>Parameter #3</th><th>Parameter #4</th></tr><tr class="param stripe"><td>{input=&apos;1;1;0&apos;, separator=&apos;null&apos;}</td><td>1.0</td><td>1.0</td><td>0.0</td></tr></table><p class="totop"><a href="#summary">back to summary</a></p>
<h3 id="m15">triangle.service.tests.CreateTriangleTest#createTriangleSuccessTest</h3><table class="result"><tr class="param"><th>Parameter #1</th><th>Parameter #2</th><th>Parameter #3</th><th>Parameter #4</th></tr><tr class="param stripe"><td>{input=&apos;3;4;5&apos;, separator=&apos;null&apos;}</td><td>3.0</td><td>4.0</td><td>5.0</td></tr></table><p class="totop"><a href="#summary">back to summary</a></p>
<h3 id="m16">triangle.service.tests.CreateTriangleTest#createTriangleSuccessTest</h3><table class="result"><tr class="param"><th>Parameter #1</th><th>Parameter #2</th><th>Parameter #3</th><th>Parameter #4</th></tr><tr class="param stripe"><td>{input=&apos;1;1;2&apos;, separator=&apos;null&apos;}</td><td>1.0</td><td>1.0</td><td>2.0</td></tr></table><p class="totop"><a href="#summary">back to summary</a></p>
<h3 id="m17">triangle.service.tests.CreateTriangleTest#unprocessbleCreateTriangleRequestTest</h3><table class="result"><tr class="param"><th>Parameter #1</th></tr><tr class="param stripe"><td>{input=&apos;3;4;8&apos;, separator=&apos;null&apos;}</td></tr></table><p class="totop"><a href="#summary">back to summary</a></p>
<h3 id="m18">triangle.service.tests.CreateTriangleTest#unprocessbleCreateTriangleRequestTest</h3><table class="result"><tr class="param"><th>Parameter #1</th></tr><tr class="param stripe"><td>{input=&apos;3;4;a&apos;, separator=&apos;null&apos;}</td></tr></table><p class="totop"><a href="#summary">back to summary</a></p>
<h3 id="m19">triangle.service.tests.CreateTriangleTest#unprocessbleCreateTriangleRequestTest</h3><table class="result"><tr class="param"><th>Parameter #1</th></tr><tr class="param stripe"><td>{input=&apos;3;4;5&apos;, separator=&apos;:&apos;}</td></tr></table><p class="totop"><a href="#summary">back to summary</a></p>
<h3 id="m20">triangle.service.tests.CreateTriangleTest#unprocessbleCreateTriangleRequestTest</h3><table class="result"><tr class="param"><th>Parameter #1</th></tr><tr class="param stripe"><td>{input=&apos;3;4;&apos;, separator=&apos;null&apos;}</td></tr></table><p class="totop"><a href="#summary">back to summary</a></p>
<h3 id="m21">triangle.service.tests.CreateTriangleTest#unprocessbleCreateTriangleRequestTest</h3><table class="result"><tr class="param"><th>Parameter #1</th></tr><tr class="param stripe"><td>{input=&apos;1;1;0,5&apos;, separator=&apos;null&apos;}</td></tr></table><p class="totop"><a href="#summary">back to summary</a></p>
<h3 id="m22">triangle.service.tests.DeleteTest#deleteTriangleTest</h3><table class="result"><tr><th class="invisible"/></tr></table><p class="totop"><a href="#summary">back to summary</a></p>
<h3 id="m23">triangle.service.tests.DeleteTest#notFoundTest</h3><table class="result"><tr><th class="invisible"/></tr></table><p class="totop"><a href="#summary">back to summary</a></p>
<h3 id="m24">triangle.service.tests.GetAllTriangleTest#getAllTest</h3><table class="result"><tr><th class="invisible"/></tr></table><p class="totop"><a href="#summary">back to summary</a></p>
<h3 id="m25">triangle.service.tests.SeparatorTest#createTriangleSuccessTest</h3><table class="result"><tr class="param"><th>Parameter #1</th><th>Parameter #2</th><th>Parameter #3</th><th>Parameter #4</th></tr><tr class="param stripe"><td>{input=&apos;3 4 5&apos;, separator=&apos; &apos;}</td><td>3.0</td><td>4.0</td><td>5.0</td></tr></table><p class="totop"><a href="#summary">back to summary</a></p>
<h3 id="m26">triangle.service.tests.SeparatorTest#createTriangleSuccessTest</h3><table class="result"><tr class="param"><th>Parameter #1</th><th>Parameter #2</th><th>Parameter #3</th><th>Parameter #4</th></tr><tr class="param stripe"><td>{input=&apos;1000000000000000000:1000000000000000000:1000000000000000000&apos;, separator=&apos;:&apos;}</td><td>1.0E18</td><td>1.0E18</td><td>1.0E18</td></tr></table><p class="totop"><a href="#summary">back to summary</a></p>
<h3 id="m27">triangle.service.tests.SeparatorTest#createTriangleSuccessTest</h3><table class="result"><tr class="param"><th>Parameter #1</th><th>Parameter #2</th><th>Parameter #3</th><th>Parameter #4</th></tr><tr class="param stripe"><td>{input=&apos;3:4:5&apos;, separator=&apos;:&apos;}</td><td>3.0</td><td>4.0</td><td>5.0</td></tr></table><p class="totop"><a href="#summary">back to summary</a></p>
<h3 id="m28">triangle.service.tests.SeparatorTest#createTriangleSuccessTest</h3><table class="result"><tr class="param"><th>Parameter #1</th><th>Parameter #2</th><th>Parameter #3</th><th>Parameter #4</th></tr><tr class="param stripe"><td>{input=&apos;3;4;5&apos;, separator=&apos;;&apos;}</td><td>3.0</td><td>4.0</td><td>5.0</td></tr></table><p class="totop"><a href="#summary">back to summary</a></p>
<h3 id="m29">triangle.service.tests.SeparatorTest#createTriangleSuccessTest</h3><table class="result"><tr class="param"><th>Parameter #1</th><th>Parameter #2</th><th>Parameter #3</th><th>Parameter #4</th></tr><tr class="param stripe"><td>{input=&apos;3,4,5&apos;, separator=&apos;,&apos;}</td><td>3.0</td><td>4.0</td><td>5.0</td></tr></table><p class="totop"><a href="#summary">back to summary</a></p>
<h3 id="m30">triangle.service.tests.SeparatorTest#createTriangleSuccessTest</h3><table class="result"><tr class="param"><th>Parameter #1</th><th>Parameter #2</th><th>Parameter #3</th><th>Parameter #4</th></tr><tr class="param stripe"><td>{input=&apos;3  4  5&apos;, separator=&apos;  &apos;}</td><td>3.0</td><td>4.0</td><td>5.0</td></tr></table><p class="totop"><a href="#summary">back to summary</a></p>
<h3 id="m31">triangle.service.tests.SeparatorTest#createTriangleSuccessTest</h3><table class="result"><tr class="param"><th>Parameter #1</th><th>Parameter #2</th><th>Parameter #3</th><th>Parameter #4</th></tr><tr class="param stripe"><td>{input=&apos;3
4
5&apos;, separator=&apos;
&apos;}</td><td>3.0</td><td>4.0</td><td>5.0</td></tr></table><p class="totop"><a href="#summary">back to summary</a></p>
<h3 id="m32">triangle.service.tests.SeparatorTest#createTriangleSuccessTest</h3><table class="result"><tr class="param"><th>Parameter #1</th><th>Parameter #2</th><th>Parameter #3</th><th>Parameter #4</th></tr><tr class="param stripe"><td>{input=&apos;3long_separator4long_separator5&apos;, separator=&apos;long_separator&apos;}</td><td>3.0</td><td>4.0</td><td>5.0</td></tr></table><p class="totop"><a href="#summary">back to summary</a></p>
<h3 id="m33">triangle.service.tests.SeparatorTest#createTriangleSuccessTest</h3><table class="result"><tr class="param"><th>Parameter #1</th><th>Parameter #2</th><th>Parameter #3</th><th>Parameter #4</th></tr><tr class="param stripe"><td>{input=&apos;3	4	5&apos;, separator=&apos;	&apos;}</td><td>3.0</td><td>4.0</td><td>5.0</td></tr></table><p class="totop"><a href="#summary">back to summary</a></p>
<h3 id="m34">triangle.service.tests.SeparatorTest#createTriangleSuccessTest</h3><table class="result"><tr class="param"><th>Parameter #1</th><th>Parameter #2</th><th>Parameter #3</th><th>Parameter #4</th></tr><tr class="param stripe"><td>{input=&apos;3ж4ж5&apos;, separator=&apos;ж&apos;}</td><td>3.0</td><td>4.0</td><td>5.0</td></tr></table><p class="totop"><a href="#summary">back to summary</a></p>
<h3 id="m35">triangle.service.tests.SeparatorTest#createTriangleSuccessTest</h3><table class="result"><tr class="param"><th>Parameter #1</th><th>Parameter #2</th><th>Parameter #3</th><th>Parameter #4</th></tr><tr class="param stripe"><td>{input=&apos;3a4a5&apos;, separator=&apos;a&apos;}</td><td>3.0</td><td>4.0</td><td>5.0</td></tr></table><p class="totop"><a href="#summary">back to summary</a></p>
<h3 id="m36">triangle.service.tests.SeparatorTest#unprocessbleCreateTriangleRequestTest</h3><table class="result"><tr class="param"><th>Parameter #1</th></tr><tr class="param stripe"><td>{input=&apos;3:4:8&apos;, separator=&apos;;&apos;}</td></tr></table><p class="totop"><a href="#summary">back to summary</a></p>
<h3 id="m37">triangle.service.tests.SeparatorTest#unprocessbleCreateTriangleRequestTest</h3><table class="result"><tr class="param"><th>Parameter #1</th></tr><tr class="param stripe"><td>{input=&apos;3;4;5&apos;, separator=&apos;:&apos;}</td></tr></table><p class="totop"><a href="#summary">back to summary</a></p>
<h3 id="m38">triangle.service.tests.TriangleAreaTest#getTriangleAreaTest</h3><table class="result"><tr class="param"><th>Parameter #1</th><th>Parameter #2</th></tr><tr class="param stripe"><td>1;1;2</td><td>0</td></tr></table><p class="totop"><a href="#summary">back to summary</a></p>
<h3 id="m39">triangle.service.tests.TriangleAreaTest#getTriangleAreaTest</h3><table class="result"><tr class="param"><th>Parameter #1</th><th>Parameter #2</th></tr><tr class="param stripe"><td>0.5;0.75;1.0</td><td>0.18154609435347266</td></tr></table><p class="totop"><a href="#summary">back to summary</a></p>
<h3 id="m40">triangle.service.tests.TriangleAreaTest#getTriangleAreaTest</h3><table class="result"><tr class="param"><th>Parameter #1</th><th>Parameter #2</th></tr><tr class="param stripe"><td>1000000.001;1000000;1000000</td><td>4.330127021808946E11</td></tr></table><p class="totop"><a href="#summary">back to summary</a></p>
<h3 id="m41">triangle.service.tests.TriangleAreaTest#getTriangleAreaTest</h3><table class="result"><tr class="param"><th>Parameter #1</th><th>Parameter #2</th></tr><tr class="param stripe"><td>0;0;0</td><td>0</td></tr></table><p class="totop"><a href="#summary">back to summary</a></p>
<h3 id="m42">triangle.service.tests.TriangleAreaTest#getTriangleAreaTest</h3><table class="result"><tr class="param"><th>Parameter #1</th><th>Parameter #2</th></tr><tr class="param stripe"><td>3;4;5</td><td>6.0</td></tr></table><p class="totop"><a href="#summary">back to summary</a></p>
<h3 id="m43">triangle.service.tests.TriangleAreaTest#getTriangleAreaTest</h3><table class="result"><tr class="param"><th>Parameter #1</th><th>Parameter #2</th></tr><tr class="param stripe"><td>1;1;0</td><td>0</td></tr></table><p class="totop"><a href="#summary">back to summary</a></p>
<h3 id="m44">triangle.service.tests.TriangleAreaTest#notFoundTest</h3><table class="result"><tr><th class="invisible"/></tr></table><p class="totop"><a href="#summary">back to summary</a></p>
<h3 id="m45">triangle.service.tests.TrianglePerimeterTest#getTrianglePerimeterTest</h3><table class="result"><tr class="param"><th>Parameter #1</th><th>Parameter #2</th></tr><tr class="param stripe"><td>0;0;0</td><td>0</td></tr></table><p class="totop"><a href="#summary">back to summary</a></p>
<h3 id="m46">triangle.service.tests.TrianglePerimeterTest#getTrianglePerimeterTest</h3><table class="result"><tr class="param"><th>Parameter #1</th><th>Parameter #2</th></tr><tr class="param stripe"><td>1000000.001;1000000.002;1000000.003</td><td>3000000.006</td></tr></table><p class="totop"><a href="#summary">back to summary</a></p>
<h3 id="m47">triangle.service.tests.TrianglePerimeterTest#getTrianglePerimeterTest</h3><table class="result"><tr class="param"><th>Parameter #1</th><th>Parameter #2</th></tr><tr class="param stripe"><td>1;1;0</td><td>2</td></tr></table><p class="totop"><a href="#summary">back to summary</a></p>
<h3 id="m48">triangle.service.tests.TrianglePerimeterTest#getTrianglePerimeterTest</h3><table class="result"><tr class="param"><th>Parameter #1</th><th>Parameter #2</th></tr><tr class="param stripe"><td>3;4;5</td><td>12.0</td></tr></table><p class="totop"><a href="#summary">back to summary</a></p>
<h3 id="m49">triangle.service.tests.TrianglePerimeterTest#getTrianglePerimeterTest</h3><table class="result"><tr class="param"><th>Parameter #1</th><th>Parameter #2</th></tr><tr class="param stripe"><td>1;1;2</td><td>4</td></tr></table><p class="totop"><a href="#summary">back to summary</a></p>
<h3 id="m50">triangle.service.tests.TrianglePerimeterTest#getTrianglePerimeterTest</h3><table class="result"><tr class="param"><th>Parameter #1</th><th>Parameter #2</th></tr><tr class="param stripe"><td>0.5;0.75;0.5</td><td>1.75</td></tr></table><p class="totop"><a href="#summary">back to summary</a></p>
<h3 id="m51">triangle.service.tests.TrianglePerimeterTest#notFoundTest</h3><table class="result"><tr><th class="invisible"/></tr></table><p class="totop"><a href="#summary">back to summary</a></p>
</body>
</html>
